---------- Date: 2014-02-09 13:36:29 ~ IP : 127.0.0.1 ----------
REQUEST URI : /admin/
MOD DETAILS:
   modFile   : Z:\home\dev2.cellside.loc\www\vqmod/xml/vqmod_richsnippets_product.xml
   id        : Add Product GR Rich Snippets to opencart
   version   : 1.4
   vqmver    : 2.1.7
   author    : TransPacific Software

File Name    : admin/language/english/english.php(0)
VQModObject::applyMod - SEARCH NOT FOUND (ABORTING MOD): $_['tab_design']              = 'Design';
----------------------------------------------------------------------


---------- Date: 2014-02-09 13:36:35 ~ IP : 127.0.0.1 ----------
REQUEST URI : /admin/index.php?route=common/login
MOD DETAILS:
   modFile   : Z:\home\dev2.cellside.loc\www\vqmod/xml/vqmod_richsnippets_product.xml
   id        : Add Product GR Rich Snippets to opencart
   version   : 1.4
   vqmver    : 2.1.7
   author    : TransPacific Software

File Name    : admin/language/english/english.php(0)
VQModObject::applyMod - SEARCH NOT FOUND (ABORTING MOD): $_['tab_design']              = 'Design';
----------------------------------------------------------------------


---------- Date: 2014-02-09 13:36:59 ~ IP : 127.0.0.1 ----------
REQUEST URI : /admin/index.php?route=common/home&amp;token=5e2e857ba79068f47a6a813a4ca63fef
MOD DETAILS:
   modFile   : Z:\home\dev2.cellside.loc\www\vqmod/xml/vqmod_richsnippets_product.xml
   id        : Add Product GR Rich Snippets to opencart
   version   : 1.4
   vqmver    : 2.1.7
   author    : TransPacific Software

File Name    : admin/language/english/english.php(0)
VQModObject::applyMod - SEARCH NOT FOUND (ABORTING MOD): $_['tab_design']              = 'Design';
----------------------------------------------------------------------


---------- Date: 2014-02-09 13:37:01 ~ IP : 127.0.0.1 ----------
REQUEST URI : /admin/index.php?route=common/home/chart&amp;token=5e2e857ba79068f47a6a813a4ca63fef&amp;range=day
MOD DETAILS:
   modFile   : Z:\home\dev2.cellside.loc\www\vqmod/xml/vqmod_richsnippets_product.xml
   id        : Add Product GR Rich Snippets to opencart
   version   : 1.4
   vqmver    : 2.1.7
   author    : TransPacific Software

File Name    : admin/language/english/english.php(0)
VQModObject::applyMod - SEARCH NOT FOUND (ABORTING MOD): $_['tab_design']              = 'Design';
----------------------------------------------------------------------


---------- Date: 2014-02-09 13:40:12 ~ IP : 127.0.0.1 ----------
REQUEST URI : /admin/index.php?route=extension/module&amp;token=5e2e857ba79068f47a6a813a4ca63fef
MOD DETAILS:
   modFile   : Z:\home\dev2.cellside.loc\www\vqmod/xml/vqmod_richsnippets_product.xml
   id        : Add Product GR Rich Snippets to opencart
   version   : 1.4
   vqmver    : 2.1.7
   author    : TransPacific Software

File Name    : admin/language/english/english.php(0)
VQModObject::applyMod - SEARCH NOT FOUND (ABORTING MOD): $_['tab_design']              = 'Design';
----------------------------------------------------------------------


---------- Date: 2014-02-09 13:40:27 ~ IP : 127.0.0.1 ----------
REQUEST URI : /admin/index.php?route=module/pavmegamenu&amp;token=5e2e857ba79068f47a6a813a4ca63fef
MOD DETAILS:
   modFile   : Z:\home\dev2.cellside.loc\www\vqmod/xml/vqmod_richsnippets_product.xml
   id        : Add Product GR Rich Snippets to opencart
   version   : 1.4
   vqmver    : 2.1.7
   author    : TransPacific Software

File Name    : admin/language/english/english.php(0)
VQModObject::applyMod - SEARCH NOT FOUND (ABORTING MOD): $_['tab_design']              = 'Design';
----------------------------------------------------------------------


---------- Date: 2014-02-09 13:41:42 ~ IP : 127.0.0.1 ----------
REQUEST URI : /admin/index.php?route=module/pavmegamenu/liveedit&amp;root=1&amp;token=5e2e857ba79068f47a6a813a4ca63fef
MOD DETAILS:
   modFile   : Z:\home\dev2.cellside.loc\www\vqmod/xml/vqmod_richsnippets_product.xml
   id        : Add Product GR Rich Snippets to opencart
   version   : 1.4
   vqmver    : 2.1.7
   author    : TransPacific Software

File Name    : admin/language/english/english.php(0)
VQModObject::applyMod - SEARCH NOT FOUND (ABORTING MOD): $_['tab_design']              = 'Design';
----------------------------------------------------------------------


---------- Date: 2014-02-09 13:41:48 ~ IP : 127.0.0.1 ----------
REQUEST URI : /admin/index.php?route=module/pavmegamenu/ajxgenmenu&amp;root=1&amp;token=5e2e857ba79068f47a6a813a4ca63fef
MOD DETAILS:
   modFile   : Z:\home\dev2.cellside.loc\www\vqmod/xml/vqmod_richsnippets_product.xml
   id        : Add Product GR Rich Snippets to opencart
   version   : 1.4
   vqmver    : 2.1.7
   author    : TransPacific Software

File Name    : admin/language/english/english.php(0)
VQModObject::applyMod - SEARCH NOT FOUND (ABORTING MOD): $_['tab_design']              = 'Design';
----------------------------------------------------------------------


---------- Date: 2014-02-09 13:42:22 ~ IP : 127.0.0.1 ----------
REQUEST URI : /admin/index.php?route=module/pavmegamenu/addwidget&amp;token=5e2e857ba79068f47a6a813a4ca63fef
MOD DETAILS:
   modFile   : Z:\home\dev2.cellside.loc\www\vqmod/xml/vqmod_richsnippets_product.xml
   id        : Add Product GR Rich Snippets to opencart
   version   : 1.4
   vqmver    : 2.1.7
   author    : TransPacific Software

File Name    : admin/language/english/english.php(0)
VQModObject::applyMod - SEARCH NOT FOUND (ABORTING MOD): $_['tab_design']              = 'Design';
----------------------------------------------------------------------


---------- Date: 2014-02-09 13:42:30 ~ IP : 127.0.0.1 ----------
REQUEST URI : /admin/index.php?route=module/pavmegamenu/addwidget&amp;token=5e2e857ba79068f47a6a813a4ca63fef&amp;wtype=html
MOD DETAILS:
   modFile   : Z:\home\dev2.cellside.loc\www\vqmod/xml/vqmod_richsnippets_product.xml
   id        : Add Product GR Rich Snippets to opencart
   version   : 1.4
   vqmver    : 2.1.7
   author    : TransPacific Software

File Name    : admin/language/english/english.php(0)
VQModObject::applyMod - SEARCH NOT FOUND (ABORTING MOD): $_['tab_design']              = 'Design';
----------------------------------------------------------------------


---------- Date: 2014-02-09 13:42:33 ~ IP : 127.0.0.1 ----------
REQUEST URI : /admin/index.php?route=module/pavmegamenu/liveedit&amp;root=1&amp;token=5e2e857ba79068f47a6a813a4ca63fef
MOD DETAILS:
   modFile   : Z:\home\dev2.cellside.loc\www\vqmod/xml/vqmod_richsnippets_product.xml
   id        : Add Product GR Rich Snippets to opencart
   version   : 1.4
   vqmver    : 2.1.7
   author    : TransPacific Software

File Name    : admin/language/english/english.php(0)
VQModObject::applyMod - SEARCH NOT FOUND (ABORTING MOD): $_['tab_design']              = 'Design';
----------------------------------------------------------------------


---------- Date: 2014-02-09 13:44:05 ~ IP : 127.0.0.1 ----------
REQUEST URI : /admin/index.php?route=module/pavmegamenu/liveedit&amp;root=1&amp;token=5e2e857ba79068f47a6a813a4ca63fef
MOD DETAILS:
   modFile   : Z:\home\dev2.cellside.loc\www\vqmod/xml/vqmod_richsnippets_product.xml
   id        : Add Product GR Rich Snippets to opencart
   version   : 1.4
   vqmver    : 2.1.7
   author    : TransPacific Software

File Name    : admin/language/english/english.php(0)
VQModObject::applyMod - SEARCH NOT FOUND (ABORTING MOD): $_['tab_design']              = 'Design';
----------------------------------------------------------------------


---------- Date: 2014-02-09 13:44:31 ~ IP : 127.0.0.1 ----------
REQUEST URI : /admin/index.php?route=module/pavmegamenu/ajxgenmenu&amp;root=1&amp;token=5e2e857ba79068f47a6a813a4ca63fef
MOD DETAILS:
   modFile   : Z:\home\dev2.cellside.loc\www\vqmod/xml/vqmod_richsnippets_product.xml
   id        : Add Product GR Rich Snippets to opencart
   version   : 1.4
   vqmver    : 2.1.7
   author    : TransPacific Software

File Name    : admin/language/english/english.php(0)
VQModObject::applyMod - SEARCH NOT FOUND (ABORTING MOD): $_['tab_design']              = 'Design';
----------------------------------------------------------------------


---------- Date: 2014-02-09 13:47:04 ~ IP : 127.0.0.1 ----------
REQUEST URI : /admin/index.php?route=module/pavmegamenu/liveedit&amp;root=1&amp;token=5e2e857ba79068f47a6a813a4ca63fef
MOD DETAILS:
   modFile   : Z:\home\dev2.cellside.loc\www\vqmod/xml/vqmod_richsnippets_product.xml
   id        : Add Product GR Rich Snippets to opencart
   version   : 1.4
   vqmver    : 2.1.7
   author    : TransPacific Software

File Name    : admin/language/english/english.php(0)
VQModObject::applyMod - SEARCH NOT FOUND (ABORTING MOD): $_['tab_design']              = 'Design';
----------------------------------------------------------------------


---------- Date: 2014-02-09 13:47:33 ~ IP : 127.0.0.1 ----------
REQUEST URI : /admin/index.php?route=module/pavmegamenu/ajxgenmenu&amp;root=1&amp;token=5e2e857ba79068f47a6a813a4ca63fef
MOD DETAILS:
   modFile   : Z:\home\dev2.cellside.loc\www\vqmod/xml/vqmod_richsnippets_product.xml
   id        : Add Product GR Rich Snippets to opencart
   version   : 1.4
   vqmver    : 2.1.7
   author    : TransPacific Software

File Name    : admin/language/english/english.php(0)
VQModObject::applyMod - SEARCH NOT FOUND (ABORTING MOD): $_['tab_design']              = 'Design';
----------------------------------------------------------------------


---------- Date: 2014-02-09 13:55:48 ~ IP : 127.0.0.1 ----------
REQUEST URI : /admin/index.php?route=module/pavmegamenu/liveedit&amp;root=1&amp;token=5e2e857ba79068f47a6a813a4ca63fef
MOD DETAILS:
   modFile   : Z:\home\dev2.cellside.loc\www\vqmod/xml/vqmod_richsnippets_product.xml
   id        : Add Product GR Rich Snippets to opencart
   version   : 1.4
   vqmver    : 2.1.7
   author    : TransPacific Software

File Name    : admin/language/english/english.php(0)
VQModObject::applyMod - SEARCH NOT FOUND (ABORTING MOD): $_['tab_design']              = 'Design';
----------------------------------------------------------------------


---------- Date: 2014-02-09 13:55:56 ~ IP : 127.0.0.1 ----------
REQUEST URI : /admin/index.php?route=module/pavmegamenu/ajxgenmenu&amp;root=1&amp;token=5e2e857ba79068f47a6a813a4ca63fef
MOD DETAILS:
   modFile   : Z:\home\dev2.cellside.loc\www\vqmod/xml/vqmod_richsnippets_product.xml
   id        : Add Product GR Rich Snippets to opencart
   version   : 1.4
   vqmver    : 2.1.7
   author    : TransPacific Software

File Name    : admin/language/english/english.php(0)
VQModObject::applyMod - SEARCH NOT FOUND (ABORTING MOD): $_['tab_design']              = 'Design';
----------------------------------------------------------------------


---------- Date: 2014-02-09 13:56:31 ~ IP : 127.0.0.1 ----------
REQUEST URI : /admin/
MOD DETAILS:
   modFile   : Z:\home\dev2.cellside.loc\www\vqmod/xml/vqmod_richsnippets_product.xml
   id        : Add Product GR Rich Snippets to opencart
   version   : 1.4
   vqmver    : 2.1.7
   author    : TransPacific Software

File Name    : admin/language/english/english.php(0)
VQModObject::applyMod - SEARCH NOT FOUND (ABORTING MOD): $_['tab_design']              = 'Design';
----------------------------------------------------------------------


---------- Date: 2014-02-09 13:56:35 ~ IP : 127.0.0.1 ----------
REQUEST URI : /admin/index.php?route=common/login
MOD DETAILS:
   modFile   : Z:\home\dev2.cellside.loc\www\vqmod/xml/vqmod_richsnippets_product.xml
   id        : Add Product GR Rich Snippets to opencart
   version   : 1.4
   vqmver    : 2.1.7
   author    : TransPacific Software

File Name    : admin/language/english/english.php(0)
VQModObject::applyMod - SEARCH NOT FOUND (ABORTING MOD): $_['tab_design']              = 'Design';
----------------------------------------------------------------------


---------- Date: 2014-02-09 13:56:40 ~ IP : 127.0.0.1 ----------
REQUEST URI : /admin/index.php?route=common/home&amp;token=ca748723dd6d7659380ec5d0822f793f
MOD DETAILS:
   modFile   : Z:\home\dev2.cellside.loc\www\vqmod/xml/vqmod_richsnippets_product.xml
   id        : Add Product GR Rich Snippets to opencart
   version   : 1.4
   vqmver    : 2.1.7
   author    : TransPacific Software

File Name    : admin/language/english/english.php(0)
VQModObject::applyMod - SEARCH NOT FOUND (ABORTING MOD): $_['tab_design']              = 'Design';
----------------------------------------------------------------------


---------- Date: 2014-02-09 13:56:42 ~ IP : 127.0.0.1 ----------
REQUEST URI : /admin/index.php?route=common/home/chart&amp;token=ca748723dd6d7659380ec5d0822f793f&amp;range=day
MOD DETAILS:
   modFile   : Z:\home\dev2.cellside.loc\www\vqmod/xml/vqmod_richsnippets_product.xml
   id        : Add Product GR Rich Snippets to opencart
   version   : 1.4
   vqmver    : 2.1.7
   author    : TransPacific Software

File Name    : admin/language/english/english.php(0)
VQModObject::applyMod - SEARCH NOT FOUND (ABORTING MOD): $_['tab_design']              = 'Design';
----------------------------------------------------------------------


---------- Date: 2014-02-09 13:56:47 ~ IP : 127.0.0.1 ----------
REQUEST URI : /admin/index.php?route=extension/module&amp;token=ca748723dd6d7659380ec5d0822f793f
MOD DETAILS:
   modFile   : Z:\home\dev2.cellside.loc\www\vqmod/xml/vqmod_richsnippets_product.xml
   id        : Add Product GR Rich Snippets to opencart
   version   : 1.4
   vqmver    : 2.1.7
   author    : TransPacific Software

File Name    : admin/language/english/english.php(0)
VQModObject::applyMod - SEARCH NOT FOUND (ABORTING MOD): $_['tab_design']              = 'Design';
----------------------------------------------------------------------


---------- Date: 2014-02-09 13:56:55 ~ IP : 127.0.0.1 ----------
REQUEST URI : /admin/index.php?route=module/pavmegamenu&amp;token=ca748723dd6d7659380ec5d0822f793f
MOD DETAILS:
   modFile   : Z:\home\dev2.cellside.loc\www\vqmod/xml/vqmod_richsnippets_product.xml
   id        : Add Product GR Rich Snippets to opencart
   version   : 1.4
   vqmver    : 2.1.7
   author    : TransPacific Software

File Name    : admin/language/english/english.php(0)
VQModObject::applyMod - SEARCH NOT FOUND (ABORTING MOD): $_['tab_design']              = 'Design';
----------------------------------------------------------------------


---------- Date: 2014-02-09 13:57:29 ~ IP : 127.0.0.1 ----------
REQUEST URI : /admin/index.php?route=module/pavmegamenu/addwidget&amp;token=ca748723dd6d7659380ec5d0822f793f&amp;id=9&amp;wtype=product_category
MOD DETAILS:
   modFile   : Z:\home\dev2.cellside.loc\www\vqmod/xml/vqmod_richsnippets_product.xml
   id        : Add Product GR Rich Snippets to opencart
   version   : 1.4
   vqmver    : 2.1.7
   author    : TransPacific Software

File Name    : admin/language/english/english.php(0)
VQModObject::applyMod - SEARCH NOT FOUND (ABORTING MOD): $_['tab_design']              = 'Design';
----------------------------------------------------------------------


---------- Date: 2014-02-09 13:57:36 ~ IP : 127.0.0.1 ----------
REQUEST URI : /admin/index.php?route=module/pavmegamenu&amp;token=ca748723dd6d7659380ec5d0822f793f
MOD DETAILS:
   modFile   : Z:\home\dev2.cellside.loc\www\vqmod/xml/vqmod_richsnippets_product.xml
   id        : Add Product GR Rich Snippets to opencart
   version   : 1.4
   vqmver    : 2.1.7
   author    : TransPacific Software

File Name    : admin/language/english/english.php(0)
VQModObject::applyMod - SEARCH NOT FOUND (ABORTING MOD): $_['tab_design']              = 'Design';
----------------------------------------------------------------------


---------- Date: 2014-02-09 13:57:42 ~ IP : 127.0.0.1 ----------
REQUEST URI : /admin/index.php?route=module/pavmegamenu/addwidget&amp;token=ca748723dd6d7659380ec5d0822f793f&amp;id=22&amp;wtype=html
MOD DETAILS:
   modFile   : Z:\home\dev2.cellside.loc\www\vqmod/xml/vqmod_richsnippets_product.xml
   id        : Add Product GR Rich Snippets to opencart
   version   : 1.4
   vqmver    : 2.1.7
   author    : TransPacific Software

File Name    : admin/language/english/english.php(0)
VQModObject::applyMod - SEARCH NOT FOUND (ABORTING MOD): $_['tab_design']              = 'Design';
----------------------------------------------------------------------


---------- Date: 2014-02-09 13:57:43 ~ IP : 127.0.0.1 ----------
REQUEST URI : /admin/index.php?route=module/pavmegamenu/addwidget&amp;token=ca748723dd6d7659380ec5d0822f793f&amp;id=22&amp;wtype=html
MOD DETAILS:
   modFile   : Z:\home\dev2.cellside.loc\www\vqmod/xml/vqmod_richsnippets_product.xml
   id        : Add Product GR Rich Snippets to opencart
   version   : 1.4
   vqmver    : 2.1.7
   author    : TransPacific Software

File Name    : admin/language/english/english.php(0)
VQModObject::applyMod - SEARCH NOT FOUND (ABORTING MOD): $_['tab_design']              = 'Design';
----------------------------------------------------------------------


---------- Date: 2014-02-09 14:04:10 ~ IP : 127.0.0.1 ----------
REQUEST URI : /admin/index.php?route=module/pavmegamenu/addwidget&amp;token=ca748723dd6d7659380ec5d0822f793f
MOD DETAILS:
   modFile   : Z:\home\dev2.cellside.loc\www\vqmod/xml/vqmod_richsnippets_product.xml
   id        : Add Product GR Rich Snippets to opencart
   version   : 1.4
   vqmver    : 2.1.7
   author    : TransPacific Software

File Name    : admin/language/english/english.php(0)
VQModObject::applyMod - SEARCH NOT FOUND (ABORTING MOD): $_['tab_design']              = 'Design';
----------------------------------------------------------------------


---------- Date: 2014-02-09 14:04:12 ~ IP : 127.0.0.1 ----------
REQUEST URI : /admin/index.php?route=module/pavmegamenu/addwidget&amp;done=1&amp;id=22&amp;wtype=html&amp;token=ca748723dd6d7659380ec5d0822f793f
MOD DETAILS:
   modFile   : Z:\home\dev2.cellside.loc\www\vqmod/xml/vqmod_richsnippets_product.xml
   id        : Add Product GR Rich Snippets to opencart
   version   : 1.4
   vqmver    : 2.1.7
   author    : TransPacific Software

File Name    : admin/language/english/english.php(0)
VQModObject::applyMod - SEARCH NOT FOUND (ABORTING MOD): $_['tab_design']              = 'Design';
----------------------------------------------------------------------


---------- Date: 2014-02-09 14:04:19 ~ IP : 127.0.0.1 ----------
REQUEST URI : /admin/index.php?route=module/pavmegamenu&amp;token=ca748723dd6d7659380ec5d0822f793f
MOD DETAILS:
   modFile   : Z:\home\dev2.cellside.loc\www\vqmod/xml/vqmod_richsnippets_product.xml
   id        : Add Product GR Rich Snippets to opencart
   version   : 1.4
   vqmver    : 2.1.7
   author    : TransPacific Software

File Name    : admin/language/english/english.php(0)
VQModObject::applyMod - SEARCH NOT FOUND (ABORTING MOD): $_['tab_design']              = 'Design';
----------------------------------------------------------------------


---------- Date: 2014-02-09 14:04:48 ~ IP : 127.0.0.1 ----------
REQUEST URI : /admin/index.php?route=module/pavmegamenu/ajxmenuinfo&amp;root=1&amp;token=5e2e857ba79068f47a6a813a4ca63fef
MOD DETAILS:
   modFile   : Z:\home\dev2.cellside.loc\www\vqmod/xml/vqmod_richsnippets_product.xml
   id        : Add Product GR Rich Snippets to opencart
   version   : 1.4
   vqmver    : 2.1.7
   author    : TransPacific Software

File Name    : admin/language/english/english.php(0)
VQModObject::applyMod - SEARCH NOT FOUND (ABORTING MOD): $_['tab_design']              = 'Design';
----------------------------------------------------------------------


---------- Date: 2014-02-09 14:05:21 ~ IP : 127.0.0.1 ----------
REQUEST URI : /admin/index.php?route=module/pavmegamenu/ajxmenuinfo&amp;root=1&amp;token=5e2e857ba79068f47a6a813a4ca63fef
MOD DETAILS:
   modFile   : Z:\home\dev2.cellside.loc\www\vqmod/xml/vqmod_richsnippets_product.xml
   id        : Add Product GR Rich Snippets to opencart
   version   : 1.4
   vqmver    : 2.1.7
   author    : TransPacific Software

File Name    : admin/language/english/english.php(0)
VQModObject::applyMod - SEARCH NOT FOUND (ABORTING MOD): $_['tab_design']              = 'Design';
----------------------------------------------------------------------


---------- Date: 2014-02-09 14:05:21 ~ IP : 127.0.0.1 ----------
REQUEST URI : /admin/index.php?route=module/pavmegamenu/liveedit&amp;root=1&amp;token=5e2e857ba79068f47a6a813a4ca63fef
MOD DETAILS:
   modFile   : Z:\home\dev2.cellside.loc\www\vqmod/xml/vqmod_richsnippets_product.xml
   id        : Add Product GR Rich Snippets to opencart
   version   : 1.4
   vqmver    : 2.1.7
   author    : TransPacific Software

File Name    : admin/language/english/english.php(0)
VQModObject::applyMod - SEARCH NOT FOUND (ABORTING MOD): $_['tab_design']              = 'Design';
----------------------------------------------------------------------


---------- Date: 2014-02-09 14:11:12 ~ IP : 127.0.0.1 ----------
REQUEST URI : /admin/index.php?route=common/login
MOD DETAILS:
   modFile   : Z:\home\dev2.cellside.loc\www\vqmod/xml/vqmod_richsnippets_product.xml
   id        : Add Product GR Rich Snippets to opencart
   version   : 1.4
   vqmver    : 2.1.7
   author    : TransPacific Software

File Name    : admin/language/english/english.php(0)
VQModObject::applyMod - SEARCH NOT FOUND (ABORTING MOD): $_['tab_design']              = 'Design';
----------------------------------------------------------------------


---------- Date: 2014-02-09 14:11:13 ~ IP : 127.0.0.1 ----------
REQUEST URI : /admin/index.php?route=module/pavmegamenu/liveedit&amp;root=1&amp;token=14c47d930ee948deb051be1672e64729
MOD DETAILS:
   modFile   : Z:\home\dev2.cellside.loc\www\vqmod/xml/vqmod_richsnippets_product.xml
   id        : Add Product GR Rich Snippets to opencart
   version   : 1.4
   vqmver    : 2.1.7
   author    : TransPacific Software

File Name    : admin/language/english/english.php(0)
VQModObject::applyMod - SEARCH NOT FOUND (ABORTING MOD): $_['tab_design']              = 'Design';
----------------------------------------------------------------------


---------- Date: 2014-02-09 14:11:21 ~ IP : 127.0.0.1 ----------
REQUEST URI : /admin/index.php?route=module/pavmegamenu/ajxgenmenu&amp;root=1&amp;token=14c47d930ee948deb051be1672e64729
MOD DETAILS:
   modFile   : Z:\home\dev2.cellside.loc\www\vqmod/xml/vqmod_richsnippets_product.xml
   id        : Add Product GR Rich Snippets to opencart
   version   : 1.4
   vqmver    : 2.1.7
   author    : TransPacific Software

File Name    : admin/language/english/english.php(0)
VQModObject::applyMod - SEARCH NOT FOUND (ABORTING MOD): $_['tab_design']              = 'Design';
----------------------------------------------------------------------


---------- Date: 2014-02-09 14:22:29 ~ IP : 127.0.0.1 ----------
REQUEST URI : /index.php?route=common/home
MOD DETAILS:
   modFile   : Z:\home\dev2.cellside.loc\www\vqmod/xml/vba image zoom.xml
   id        : VbA Image Zoom Mod
   version   : 1.0
   vqmver    : 2.1.5
   author    : VbA - http://TheHoster.net

File Name    : catalog/view/theme/*/template/common/header.tpl(0)
VQModObject::applyMod - SEARCH NOT FOUND (ABORTING MOD): <script type="text/javascript" src="catalog/view/javascript/common.js"></script>

----------------------------------------------------------------------


---------- Date: 2014-02-09 14:23:20 ~ IP : 127.0.0.1 ----------
REQUEST URI : /index.php?route=common/home
MOD DETAILS:
   modFile   : Z:\home\dev2.cellside.loc\www\vqmod/xml/vba image zoom.xml
   id        : VbA Image Zoom Mod
   version   : 1.0
   vqmver    : 2.1.5
   author    : VbA - http://TheHoster.net

File Name    : catalog/view/theme/*/template/common/header.tpl(0)
VQModObject::applyMod - SEARCH NOT FOUND (ABORTING MOD): <script type="text/javascript" src="catalog/view/javascript/common.js"></script>

----------------------------------------------------------------------


---------- Date: 2014-02-09 14:24:26 ~ IP : 127.0.0.1 ----------
REQUEST URI : /index.php?route=common/home
MOD DETAILS:
   modFile   : Z:\home\dev2.cellside.loc\www\vqmod/xml/vba image zoom.xml
   id        : VbA Image Zoom Mod
   version   : 1.0
   vqmver    : 2.1.5
   author    : VbA - http://TheHoster.net

File Name    : catalog/view/theme/*/template/common/header.tpl(0)
VQModObject::applyMod - SEARCH NOT FOUND (ABORTING MOD): <script type="text/javascript" src="catalog/view/javascript/common.js"></script>

----------------------------------------------------------------------


---------- Date: 2014-02-09 14:27:33 ~ IP : 127.0.0.1 ----------
REQUEST URI : /index.php?route=common/home
MOD DETAILS:
   modFile   : Z:\home\dev2.cellside.loc\www\vqmod/xml/vba image zoom.xml
   id        : VbA Image Zoom Mod
   version   : 1.0
   vqmver    : 2.1.5
   author    : VbA - http://TheHoster.net

File Name    : catalog/view/theme/*/template/common/header.tpl(0)
VQModObject::applyMod - SEARCH NOT FOUND (ABORTING MOD): <script type="text/javascript" src="catalog/view/javascript/common.js"></script>

----------------------------------------------------------------------


---------- Date: 2014-02-09 14:28:39 ~ IP : 127.0.0.1 ----------
REQUEST URI : /admin/index.php?route=module/pavmegamenu/addwidget&amp;token=ca748723dd6d7659380ec5d0822f793f&amp;id=22&amp;wtype=html
MOD DETAILS:
   modFile   : Z:\home\dev2.cellside.loc\www\vqmod/xml/vqmod_richsnippets_product.xml
   id        : Add Product GR Rich Snippets to opencart
   version   : 1.4
   vqmver    : 2.1.7
   author    : TransPacific Software

File Name    : admin/language/english/english.php(0)
VQModObject::applyMod - SEARCH NOT FOUND (ABORTING MOD): $_['tab_design']              = 'Design';
----------------------------------------------------------------------


---------- Date: 2014-02-09 14:28:44 ~ IP : 127.0.0.1 ----------
REQUEST URI : /admin/index.php?route=common/login
MOD DETAILS:
   modFile   : Z:\home\dev2.cellside.loc\www\vqmod/xml/vqmod_richsnippets_product.xml
   id        : Add Product GR Rich Snippets to opencart
   version   : 1.4
   vqmver    : 2.1.7
   author    : TransPacific Software

File Name    : admin/language/english/english.php(0)
VQModObject::applyMod - SEARCH NOT FOUND (ABORTING MOD): $_['tab_design']              = 'Design';
----------------------------------------------------------------------


---------- Date: 2014-02-09 14:28:46 ~ IP : 127.0.0.1 ----------
REQUEST URI : /admin/index.php?route=module/pavmegamenu/addwidget&amp;id=22&amp;wtype=html&amp;token=df154d6a6795360c87c3535ae779a00d
MOD DETAILS:
   modFile   : Z:\home\dev2.cellside.loc\www\vqmod/xml/vqmod_richsnippets_product.xml
   id        : Add Product GR Rich Snippets to opencart
   version   : 1.4
   vqmver    : 2.1.7
   author    : TransPacific Software

File Name    : admin/language/english/english.php(0)
VQModObject::applyMod - SEARCH NOT FOUND (ABORTING MOD): $_['tab_design']              = 'Design';
----------------------------------------------------------------------


---------- Date: 2014-02-09 14:28:55 ~ IP : 127.0.0.1 ----------
REQUEST URI : /admin/index.php?route=module/pavmegamenu/addwidget&amp;token=df154d6a6795360c87c3535ae779a00d
MOD DETAILS:
   modFile   : Z:\home\dev2.cellside.loc\www\vqmod/xml/vqmod_richsnippets_product.xml
   id        : Add Product GR Rich Snippets to opencart
   version   : 1.4
   vqmver    : 2.1.7
   author    : TransPacific Software

File Name    : admin/language/english/english.php(0)
VQModObject::applyMod - SEARCH NOT FOUND (ABORTING MOD): $_['tab_design']              = 'Design';
----------------------------------------------------------------------


---------- Date: 2014-02-09 14:28:57 ~ IP : 127.0.0.1 ----------
REQUEST URI : /admin/index.php?route=module/pavmegamenu/addwidget&amp;done=1&amp;id=22&amp;wtype=html&amp;token=df154d6a6795360c87c3535ae779a00d
MOD DETAILS:
   modFile   : Z:\home\dev2.cellside.loc\www\vqmod/xml/vqmod_richsnippets_product.xml
   id        : Add Product GR Rich Snippets to opencart
   version   : 1.4
   vqmver    : 2.1.7
   author    : TransPacific Software

File Name    : admin/language/english/english.php(0)
VQModObject::applyMod - SEARCH NOT FOUND (ABORTING MOD): $_['tab_design']              = 'Design';
----------------------------------------------------------------------


---------- Date: 2014-02-09 14:38:04 ~ IP : 127.0.0.1 ----------
REQUEST URI : /admin/index.php?route=module/pavmegamenu/addwidget&amp;token=df154d6a6795360c87c3535ae779a00d
MOD DETAILS:
   modFile   : Z:\home\dev2.cellside.loc\www\vqmod/xml/vqmod_richsnippets_product.xml
   id        : Add Product GR Rich Snippets to opencart
   version   : 1.4
   vqmver    : 2.1.7
   author    : TransPacific Software

File Name    : admin/language/english/english.php(0)
VQModObject::applyMod - SEARCH NOT FOUND (ABORTING MOD): $_['tab_design']              = 'Design';
----------------------------------------------------------------------


---------- Date: 2014-02-09 14:38:06 ~ IP : 127.0.0.1 ----------
REQUEST URI : /admin/index.php?route=module/pavmegamenu/addwidget&amp;done=1&amp;id=22&amp;wtype=html&amp;token=df154d6a6795360c87c3535ae779a00d
MOD DETAILS:
   modFile   : Z:\home\dev2.cellside.loc\www\vqmod/xml/vqmod_richsnippets_product.xml
   id        : Add Product GR Rich Snippets to opencart
   version   : 1.4
   vqmver    : 2.1.7
   author    : TransPacific Software

File Name    : admin/language/english/english.php(0)
VQModObject::applyMod - SEARCH NOT FOUND (ABORTING MOD): $_['tab_design']              = 'Design';
----------------------------------------------------------------------


---------- Date: 2014-02-09 14:41:28 ~ IP : 127.0.0.1 ----------
REQUEST URI : /admin/index.php?route=module/pavmegamenu&amp;token=ca748723dd6d7659380ec5d0822f793f
MOD DETAILS:
   modFile   : Z:\home\dev2.cellside.loc\www\vqmod/xml/vqmod_richsnippets_product.xml
   id        : Add Product GR Rich Snippets to opencart
   version   : 1.4
   vqmver    : 2.1.7
   author    : TransPacific Software

File Name    : admin/language/english/english.php(0)
VQModObject::applyMod - SEARCH NOT FOUND (ABORTING MOD): $_['tab_design']              = 'Design';
----------------------------------------------------------------------


---------- Date: 2014-02-09 14:41:31 ~ IP : 127.0.0.1 ----------
REQUEST URI : /admin/index.php?route=common/login
MOD DETAILS:
   modFile   : Z:\home\dev2.cellside.loc\www\vqmod/xml/vqmod_richsnippets_product.xml
   id        : Add Product GR Rich Snippets to opencart
   version   : 1.4
   vqmver    : 2.1.7
   author    : TransPacific Software

File Name    : admin/language/english/english.php(0)
VQModObject::applyMod - SEARCH NOT FOUND (ABORTING MOD): $_['tab_design']              = 'Design';
----------------------------------------------------------------------


---------- Date: 2014-02-09 14:41:33 ~ IP : 127.0.0.1 ----------
REQUEST URI : /admin/index.php?route=module/pavmegamenu&amp;token=cc2f6d00762ce3c3f61731f06a7a5d29
MOD DETAILS:
   modFile   : Z:\home\dev2.cellside.loc\www\vqmod/xml/vqmod_richsnippets_product.xml
   id        : Add Product GR Rich Snippets to opencart
   version   : 1.4
   vqmver    : 2.1.7
   author    : TransPacific Software

File Name    : admin/language/english/english.php(0)
VQModObject::applyMod - SEARCH NOT FOUND (ABORTING MOD): $_['tab_design']              = 'Design';
----------------------------------------------------------------------


---------- Date: 2014-02-09 14:41:40 ~ IP : 127.0.0.1 ----------
REQUEST URI : /admin/index.php?route=module/pavmegamenu&amp;token=cc2f6d00762ce3c3f61731f06a7a5d29
MOD DETAILS:
   modFile   : Z:\home\dev2.cellside.loc\www\vqmod/xml/vqmod_richsnippets_product.xml
   id        : Add Product GR Rich Snippets to opencart
   version   : 1.4
   vqmver    : 2.1.7
   author    : TransPacific Software

File Name    : admin/language/english/english.php(0)
VQModObject::applyMod - SEARCH NOT FOUND (ABORTING MOD): $_['tab_design']              = 'Design';
----------------------------------------------------------------------


---------- Date: 2014-02-09 14:41:42 ~ IP : 127.0.0.1 ----------
REQUEST URI : /admin/index.php?route=module/pavmegamenu&amp;token=cc2f6d00762ce3c3f61731f06a7a5d29&amp;store_id=0
MOD DETAILS:
   modFile   : Z:\home\dev2.cellside.loc\www\vqmod/xml/vqmod_richsnippets_product.xml
   id        : Add Product GR Rich Snippets to opencart
   version   : 1.4
   vqmver    : 2.1.7
   author    : TransPacific Software

File Name    : admin/language/english/english.php(0)
VQModObject::applyMod - SEARCH NOT FOUND (ABORTING MOD): $_['tab_design']              = 'Design';
----------------------------------------------------------------------


---------- Date: 2014-02-09 14:41:55 ~ IP : 127.0.0.1 ----------
REQUEST URI : /admin/index.php?route=module/pavmegamenu&amp;token=cc2f6d00762ce3c3f61731f06a7a5d29&amp;store_id=0
MOD DETAILS:
   modFile   : Z:\home\dev2.cellside.loc\www\vqmod/xml/vqmod_richsnippets_product.xml
   id        : Add Product GR Rich Snippets to opencart
   version   : 1.4
   vqmver    : 2.1.7
   author    : TransPacific Software

File Name    : admin/language/english/english.php(0)
VQModObject::applyMod - SEARCH NOT FOUND (ABORTING MOD): $_['tab_design']              = 'Design';
----------------------------------------------------------------------


---------- Date: 2014-02-09 14:41:57 ~ IP : 127.0.0.1 ----------
REQUEST URI : /admin/index.php?route=module/pavmegamenu&amp;token=cc2f6d00762ce3c3f61731f06a7a5d29&amp;store_id=0
MOD DETAILS:
   modFile   : Z:\home\dev2.cellside.loc\www\vqmod/xml/vqmod_richsnippets_product.xml
   id        : Add Product GR Rich Snippets to opencart
   version   : 1.4
   vqmver    : 2.1.7
   author    : TransPacific Software

File Name    : admin/language/english/english.php(0)
VQModObject::applyMod - SEARCH NOT FOUND (ABORTING MOD): $_['tab_design']              = 'Design';
----------------------------------------------------------------------


---------- Date: 2014-02-09 14:42:52 ~ IP : 127.0.0.1 ----------
REQUEST URI : /admin/index.php?route=module/pavmegamenu/delete&amp;token=cc2f6d00762ce3c3f61731f06a7a5d29&amp;store_id=0&amp;id=106
MOD DETAILS:
   modFile   : Z:\home\dev2.cellside.loc\www\vqmod/xml/vqmod_richsnippets_product.xml
   id        : Add Product GR Rich Snippets to opencart
   version   : 1.4
   vqmver    : 2.1.7
   author    : TransPacific Software

File Name    : admin/language/english/english.php(0)
VQModObject::applyMod - SEARCH NOT FOUND (ABORTING MOD): $_['tab_design']              = 'Design';
----------------------------------------------------------------------


---------- Date: 2014-02-09 14:42:54 ~ IP : 127.0.0.1 ----------
REQUEST URI : /admin/index.php?route=module/pavmegamenu&amp;token=cc2f6d00762ce3c3f61731f06a7a5d29
MOD DETAILS:
   modFile   : Z:\home\dev2.cellside.loc\www\vqmod/xml/vqmod_richsnippets_product.xml
   id        : Add Product GR Rich Snippets to opencart
   version   : 1.4
   vqmver    : 2.1.7
   author    : TransPacific Software

File Name    : admin/language/english/english.php(0)
VQModObject::applyMod - SEARCH NOT FOUND (ABORTING MOD): $_['tab_design']              = 'Design';
----------------------------------------------------------------------


---------- Date: 2014-02-09 14:43:09 ~ IP : 127.0.0.1 ----------
REQUEST URI : /admin/index.php?route=module/pavmegamenu&amp;id=145&amp;token=cc2f6d00762ce3c3f61731f06a7a5d29
MOD DETAILS:
   modFile   : Z:\home\dev2.cellside.loc\www\vqmod/xml/vqmod_richsnippets_product.xml
   id        : Add Product GR Rich Snippets to opencart
   version   : 1.4
   vqmver    : 2.1.7
   author    : TransPacific Software

File Name    : admin/language/english/english.php(0)
VQModObject::applyMod - SEARCH NOT FOUND (ABORTING MOD): $_['tab_design']              = 'Design';
----------------------------------------------------------------------


---------- Date: 2014-02-09 14:43:55 ~ IP : 127.0.0.1 ----------
REQUEST URI : /admin/index.php?route=module/pavmegamenu&amp;id=107&amp;token=cc2f6d00762ce3c3f61731f06a7a5d29
MOD DETAILS:
   modFile   : Z:\home\dev2.cellside.loc\www\vqmod/xml/vqmod_richsnippets_product.xml
   id        : Add Product GR Rich Snippets to opencart
   version   : 1.4
   vqmver    : 2.1.7
   author    : TransPacific Software

File Name    : admin/language/english/english.php(0)
VQModObject::applyMod - SEARCH NOT FOUND (ABORTING MOD): $_['tab_design']              = 'Design';
----------------------------------------------------------------------


---------- Date: 2014-02-09 14:44:00 ~ IP : 127.0.0.1 ----------
REQUEST URI : /admin/index.php?route=module/pavmegamenu&amp;id=145&amp;token=cc2f6d00762ce3c3f61731f06a7a5d29
MOD DETAILS:
   modFile   : Z:\home\dev2.cellside.loc\www\vqmod/xml/vqmod_richsnippets_product.xml
   id        : Add Product GR Rich Snippets to opencart
   version   : 1.4
   vqmver    : 2.1.7
   author    : TransPacific Software

File Name    : admin/language/english/english.php(0)
VQModObject::applyMod - SEARCH NOT FOUND (ABORTING MOD): $_['tab_design']              = 'Design';
----------------------------------------------------------------------


---------- Date: 2014-02-09 14:44:16 ~ IP : 127.0.0.1 ----------
REQUEST URI : /admin/index.php?route=module/pavmegamenu/update&amp;root=1&amp;token=cc2f6d00762ce3c3f61731f06a7a5d29
MOD DETAILS:
   modFile   : Z:\home\dev2.cellside.loc\www\vqmod/xml/vqmod_richsnippets_product.xml
   id        : Add Product GR Rich Snippets to opencart
   version   : 1.4
   vqmver    : 2.1.7
   author    : TransPacific Software

File Name    : admin/language/english/english.php(0)
VQModObject::applyMod - SEARCH NOT FOUND (ABORTING MOD): $_['tab_design']              = 'Design';
----------------------------------------------------------------------


---------- Date: 2014-02-09 14:44:25 ~ IP : 127.0.0.1 ----------
REQUEST URI : /admin/index.php?route=module/pavmegamenu/update&amp;root=1&amp;token=cc2f6d00762ce3c3f61731f06a7a5d29
MOD DETAILS:
   modFile   : Z:\home\dev2.cellside.loc\www\vqmod/xml/vqmod_richsnippets_product.xml
   id        : Add Product GR Rich Snippets to opencart
   version   : 1.4
   vqmver    : 2.1.7
   author    : TransPacific Software

File Name    : admin/language/english/english.php(0)
VQModObject::applyMod - SEARCH NOT FOUND (ABORTING MOD): $_['tab_design']              = 'Design';
----------------------------------------------------------------------


---------- Date: 2014-02-09 14:44:27 ~ IP : 127.0.0.1 ----------
REQUEST URI : /admin/index.php?route=module/pavmegamenu/update&amp;root=1&amp;token=cc2f6d00762ce3c3f61731f06a7a5d29
MOD DETAILS:
   modFile   : Z:\home\dev2.cellside.loc\www\vqmod/xml/vqmod_richsnippets_product.xml
   id        : Add Product GR Rich Snippets to opencart
   version   : 1.4
   vqmver    : 2.1.7
   author    : TransPacific Software

File Name    : admin/language/english/english.php(0)
VQModObject::applyMod - SEARCH NOT FOUND (ABORTING MOD): $_['tab_design']              = 'Design';
----------------------------------------------------------------------


---------- Date: 2014-02-09 14:44:29 ~ IP : 127.0.0.1 ----------
REQUEST URI : /admin/index.php?route=module/pavmegamenu/update&amp;root=1&amp;token=cc2f6d00762ce3c3f61731f06a7a5d29
MOD DETAILS:
   modFile   : Z:\home\dev2.cellside.loc\www\vqmod/xml/vqmod_richsnippets_product.xml
   id        : Add Product GR Rich Snippets to opencart
   version   : 1.4
   vqmver    : 2.1.7
   author    : TransPacific Software

File Name    : admin/language/english/english.php(0)
VQModObject::applyMod - SEARCH NOT FOUND (ABORTING MOD): $_['tab_design']              = 'Design';
----------------------------------------------------------------------


---------- Date: 2014-02-09 14:44:31 ~ IP : 127.0.0.1 ----------
REQUEST URI : /admin/index.php?route=module/pavmegamenu/update&amp;root=1&amp;token=cc2f6d00762ce3c3f61731f06a7a5d29
MOD DETAILS:
   modFile   : Z:\home\dev2.cellside.loc\www\vqmod/xml/vqmod_richsnippets_product.xml
   id        : Add Product GR Rich Snippets to opencart
   version   : 1.4
   vqmver    : 2.1.7
   author    : TransPacific Software

File Name    : admin/language/english/english.php(0)
VQModObject::applyMod - SEARCH NOT FOUND (ABORTING MOD): $_['tab_design']              = 'Design';
----------------------------------------------------------------------


---------- Date: 2014-02-09 14:44:33 ~ IP : 127.0.0.1 ----------
REQUEST URI : /admin/index.php?route=module/pavmegamenu/update&amp;root=1&amp;token=cc2f6d00762ce3c3f61731f06a7a5d29
MOD DETAILS:
   modFile   : Z:\home\dev2.cellside.loc\www\vqmod/xml/vqmod_richsnippets_product.xml
   id        : Add Product GR Rich Snippets to opencart
   version   : 1.4
   vqmver    : 2.1.7
   author    : TransPacific Software

File Name    : admin/language/english/english.php(0)
VQModObject::applyMod - SEARCH NOT FOUND (ABORTING MOD): $_['tab_design']              = 'Design';
----------------------------------------------------------------------


---------- Date: 2014-02-09 14:44:35 ~ IP : 127.0.0.1 ----------
REQUEST URI : /admin/index.php?route=module/pavmegamenu&amp;token=cc2f6d00762ce3c3f61731f06a7a5d29
MOD DETAILS:
   modFile   : Z:\home\dev2.cellside.loc\www\vqmod/xml/vqmod_richsnippets_product.xml
   id        : Add Product GR Rich Snippets to opencart
   version   : 1.4
   vqmver    : 2.1.7
   author    : TransPacific Software

File Name    : admin/language/english/english.php(0)
VQModObject::applyMod - SEARCH NOT FOUND (ABORTING MOD): $_['tab_design']              = 'Design';
----------------------------------------------------------------------


---------- Date: 2014-02-09 14:44:37 ~ IP : 127.0.0.1 ----------
REQUEST URI : /admin/index.php?route=module/pavmegamenu&amp;token=cc2f6d00762ce3c3f61731f06a7a5d29&amp;store_id=0
MOD DETAILS:
   modFile   : Z:\home\dev2.cellside.loc\www\vqmod/xml/vqmod_richsnippets_product.xml
   id        : Add Product GR Rich Snippets to opencart
   version   : 1.4
   vqmver    : 2.1.7
   author    : TransPacific Software

File Name    : admin/language/english/english.php(0)
VQModObject::applyMod - SEARCH NOT FOUND (ABORTING MOD): $_['tab_design']              = 'Design';
----------------------------------------------------------------------


---------- Date: 2014-02-09 14:49:56 ~ IP : 127.0.0.1 ----------
REQUEST URI : /admin/index.php?route=module/pavmegamenu&amp;token=cc2f6d00762ce3c3f61731f06a7a5d29&amp;store_id=0
MOD DETAILS:
   modFile   : Z:\home\dev2.cellside.loc\www\vqmod/xml/vqmod_richsnippets_product.xml
   id        : Add Product GR Rich Snippets to opencart
   version   : 1.4
   vqmver    : 2.1.7
   author    : TransPacific Software

File Name    : admin/language/english/english.php(0)
VQModObject::applyMod - SEARCH NOT FOUND (ABORTING MOD): $_['tab_design']              = 'Design';
----------------------------------------------------------------------


---------- Date: 2014-02-09 14:49:58 ~ IP : 127.0.0.1 ----------
REQUEST URI : /admin/index.php?route=module/pavmegamenu&amp;token=cc2f6d00762ce3c3f61731f06a7a5d29&amp;store_id=0
MOD DETAILS:
   modFile   : Z:\home\dev2.cellside.loc\www\vqmod/xml/vqmod_richsnippets_product.xml
   id        : Add Product GR Rich Snippets to opencart
   version   : 1.4
   vqmver    : 2.1.7
   author    : TransPacific Software

File Name    : admin/language/english/english.php(0)
VQModObject::applyMod - SEARCH NOT FOUND (ABORTING MOD): $_['tab_design']              = 'Design';
----------------------------------------------------------------------


---------- Date: 2014-02-09 14:50:10 ~ IP : 127.0.0.1 ----------
REQUEST URI : /admin/index.php?route=module/pavmegamenu/update&amp;root=1&amp;store_id=0&amp;token=cc2f6d00762ce3c3f61731f06a7a5d29
MOD DETAILS:
   modFile   : Z:\home\dev2.cellside.loc\www\vqmod/xml/vqmod_richsnippets_product.xml
   id        : Add Product GR Rich Snippets to opencart
   version   : 1.4
   vqmver    : 2.1.7
   author    : TransPacific Software

File Name    : admin/language/english/english.php(0)
VQModObject::applyMod - SEARCH NOT FOUND (ABORTING MOD): $_['tab_design']              = 'Design';
----------------------------------------------------------------------


---------- Date: 2014-02-09 14:50:12 ~ IP : 127.0.0.1 ----------
REQUEST URI : /admin/index.php?route=module/pavmegamenu/update&amp;root=1&amp;store_id=0&amp;token=cc2f6d00762ce3c3f61731f06a7a5d29
MOD DETAILS:
   modFile   : Z:\home\dev2.cellside.loc\www\vqmod/xml/vqmod_richsnippets_product.xml
   id        : Add Product GR Rich Snippets to opencart
   version   : 1.4
   vqmver    : 2.1.7
   author    : TransPacific Software

File Name    : admin/language/english/english.php(0)
VQModObject::applyMod - SEARCH NOT FOUND (ABORTING MOD): $_['tab_design']              = 'Design';
----------------------------------------------------------------------


---------- Date: 2014-02-09 14:50:14 ~ IP : 127.0.0.1 ----------
REQUEST URI : /admin/index.php?route=module/pavmegamenu/update&amp;root=1&amp;store_id=0&amp;token=cc2f6d00762ce3c3f61731f06a7a5d29
MOD DETAILS:
   modFile   : Z:\home\dev2.cellside.loc\www\vqmod/xml/vqmod_richsnippets_product.xml
   id        : Add Product GR Rich Snippets to opencart
   version   : 1.4
   vqmver    : 2.1.7
   author    : TransPacific Software

File Name    : admin/language/english/english.php(0)
VQModObject::applyMod - SEARCH NOT FOUND (ABORTING MOD): $_['tab_design']              = 'Design';
----------------------------------------------------------------------


---------- Date: 2014-02-09 14:50:16 ~ IP : 127.0.0.1 ----------
REQUEST URI : /admin/index.php?route=module/pavmegamenu/update&amp;root=1&amp;store_id=0&amp;token=cc2f6d00762ce3c3f61731f06a7a5d29
MOD DETAILS:
   modFile   : Z:\home\dev2.cellside.loc\www\vqmod/xml/vqmod_richsnippets_product.xml
   id        : Add Product GR Rich Snippets to opencart
   version   : 1.4
   vqmver    : 2.1.7
   author    : TransPacific Software

File Name    : admin/language/english/english.php(0)
VQModObject::applyMod - SEARCH NOT FOUND (ABORTING MOD): $_['tab_design']              = 'Design';
----------------------------------------------------------------------


---------- Date: 2014-02-09 14:50:18 ~ IP : 127.0.0.1 ----------
REQUEST URI : /admin/index.php?route=module/pavmegamenu/update&amp;root=1&amp;store_id=0&amp;token=cc2f6d00762ce3c3f61731f06a7a5d29
MOD DETAILS:
   modFile   : Z:\home\dev2.cellside.loc\www\vqmod/xml/vqmod_richsnippets_product.xml
   id        : Add Product GR Rich Snippets to opencart
   version   : 1.4
   vqmver    : 2.1.7
   author    : TransPacific Software

File Name    : admin/language/english/english.php(0)
VQModObject::applyMod - SEARCH NOT FOUND (ABORTING MOD): $_['tab_design']              = 'Design';
----------------------------------------------------------------------


---------- Date: 2014-02-09 14:50:20 ~ IP : 127.0.0.1 ----------
REQUEST URI : /admin/index.php?route=module/pavmegamenu/update&amp;root=1&amp;store_id=0&amp;token=cc2f6d00762ce3c3f61731f06a7a5d29
MOD DETAILS:
   modFile   : Z:\home\dev2.cellside.loc\www\vqmod/xml/vqmod_richsnippets_product.xml
   id        : Add Product GR Rich Snippets to opencart
   version   : 1.4
   vqmver    : 2.1.7
   author    : TransPacific Software

File Name    : admin/language/english/english.php(0)
VQModObject::applyMod - SEARCH NOT FOUND (ABORTING MOD): $_['tab_design']              = 'Design';
----------------------------------------------------------------------


---------- Date: 2014-02-09 14:50:22 ~ IP : 127.0.0.1 ----------
REQUEST URI : /admin/index.php?route=module/pavmegamenu/update&amp;root=1&amp;store_id=0&amp;token=cc2f6d00762ce3c3f61731f06a7a5d29
MOD DETAILS:
   modFile   : Z:\home\dev2.cellside.loc\www\vqmod/xml/vqmod_richsnippets_product.xml
   id        : Add Product GR Rich Snippets to opencart
   version   : 1.4
   vqmver    : 2.1.7
   author    : TransPacific Software

File Name    : admin/language/english/english.php(0)
VQModObject::applyMod - SEARCH NOT FOUND (ABORTING MOD): $_['tab_design']              = 'Design';
----------------------------------------------------------------------


---------- Date: 2014-02-09 14:50:23 ~ IP : 127.0.0.1 ----------
REQUEST URI : /admin/index.php?route=module/pavmegamenu/update&amp;root=1&amp;store_id=0&amp;token=cc2f6d00762ce3c3f61731f06a7a5d29
MOD DETAILS:
   modFile   : Z:\home\dev2.cellside.loc\www\vqmod/xml/vqmod_richsnippets_product.xml
   id        : Add Product GR Rich Snippets to opencart
   version   : 1.4
   vqmver    : 2.1.7
   author    : TransPacific Software

File Name    : admin/language/english/english.php(0)
VQModObject::applyMod - SEARCH NOT FOUND (ABORTING MOD): $_['tab_design']              = 'Design';
----------------------------------------------------------------------


---------- Date: 2014-02-09 14:50:26 ~ IP : 127.0.0.1 ----------
REQUEST URI : /admin/index.php?route=module/pavmegamenu/update&amp;root=1&amp;store_id=0&amp;token=cc2f6d00762ce3c3f61731f06a7a5d29
MOD DETAILS:
   modFile   : Z:\home\dev2.cellside.loc\www\vqmod/xml/vqmod_richsnippets_product.xml
   id        : Add Product GR Rich Snippets to opencart
   version   : 1.4
   vqmver    : 2.1.7
   author    : TransPacific Software

File Name    : admin/language/english/english.php(0)
VQModObject::applyMod - SEARCH NOT FOUND (ABORTING MOD): $_['tab_design']              = 'Design';
----------------------------------------------------------------------


---------- Date: 2014-02-09 14:50:28 ~ IP : 127.0.0.1 ----------
REQUEST URI : /admin/index.php?route=module/pavmegamenu/update&amp;root=1&amp;store_id=0&amp;token=cc2f6d00762ce3c3f61731f06a7a5d29
MOD DETAILS:
   modFile   : Z:\home\dev2.cellside.loc\www\vqmod/xml/vqmod_richsnippets_product.xml
   id        : Add Product GR Rich Snippets to opencart
   version   : 1.4
   vqmver    : 2.1.7
   author    : TransPacific Software

File Name    : admin/language/english/english.php(0)
VQModObject::applyMod - SEARCH NOT FOUND (ABORTING MOD): $_['tab_design']              = 'Design';
----------------------------------------------------------------------


---------- Date: 2014-02-09 14:50:29 ~ IP : 127.0.0.1 ----------
REQUEST URI : /admin/index.php?route=module/pavmegamenu/update&amp;root=1&amp;store_id=0&amp;token=cc2f6d00762ce3c3f61731f06a7a5d29
MOD DETAILS:
   modFile   : Z:\home\dev2.cellside.loc\www\vqmod/xml/vqmod_richsnippets_product.xml
   id        : Add Product GR Rich Snippets to opencart
   version   : 1.4
   vqmver    : 2.1.7
   author    : TransPacific Software

File Name    : admin/language/english/english.php(0)
VQModObject::applyMod - SEARCH NOT FOUND (ABORTING MOD): $_['tab_design']              = 'Design';
----------------------------------------------------------------------


---------- Date: 2014-02-09 14:50:31 ~ IP : 127.0.0.1 ----------
REQUEST URI : /admin/index.php?route=module/pavmegamenu/update&amp;root=1&amp;store_id=0&amp;token=cc2f6d00762ce3c3f61731f06a7a5d29
MOD DETAILS:
   modFile   : Z:\home\dev2.cellside.loc\www\vqmod/xml/vqmod_richsnippets_product.xml
   id        : Add Product GR Rich Snippets to opencart
   version   : 1.4
   vqmver    : 2.1.7
   author    : TransPacific Software

File Name    : admin/language/english/english.php(0)
VQModObject::applyMod - SEARCH NOT FOUND (ABORTING MOD): $_['tab_design']              = 'Design';
----------------------------------------------------------------------


---------- Date: 2014-02-09 14:50:33 ~ IP : 127.0.0.1 ----------
REQUEST URI : /admin/index.php?route=module/pavmegamenu/update&amp;root=1&amp;store_id=0&amp;token=cc2f6d00762ce3c3f61731f06a7a5d29
MOD DETAILS:
   modFile   : Z:\home\dev2.cellside.loc\www\vqmod/xml/vqmod_richsnippets_product.xml
   id        : Add Product GR Rich Snippets to opencart
   version   : 1.4
   vqmver    : 2.1.7
   author    : TransPacific Software

File Name    : admin/language/english/english.php(0)
VQModObject::applyMod - SEARCH NOT FOUND (ABORTING MOD): $_['tab_design']              = 'Design';
----------------------------------------------------------------------


---------- Date: 2014-02-09 14:50:35 ~ IP : 127.0.0.1 ----------
REQUEST URI : /admin/index.php?route=module/pavmegamenu/update&amp;root=1&amp;store_id=0&amp;token=cc2f6d00762ce3c3f61731f06a7a5d29
MOD DETAILS:
   modFile   : Z:\home\dev2.cellside.loc\www\vqmod/xml/vqmod_richsnippets_product.xml
   id        : Add Product GR Rich Snippets to opencart
   version   : 1.4
   vqmver    : 2.1.7
   author    : TransPacific Software

File Name    : admin/language/english/english.php(0)
VQModObject::applyMod - SEARCH NOT FOUND (ABORTING MOD): $_['tab_design']              = 'Design';
----------------------------------------------------------------------


---------- Date: 2014-02-09 14:50:37 ~ IP : 127.0.0.1 ----------
REQUEST URI : /admin/index.php?route=module/pavmegamenu/update&amp;root=1&amp;store_id=0&amp;token=cc2f6d00762ce3c3f61731f06a7a5d29
MOD DETAILS:
   modFile   : Z:\home\dev2.cellside.loc\www\vqmod/xml/vqmod_richsnippets_product.xml
   id        : Add Product GR Rich Snippets to opencart
   version   : 1.4
   vqmver    : 2.1.7
   author    : TransPacific Software

File Name    : admin/language/english/english.php(0)
VQModObject::applyMod - SEARCH NOT FOUND (ABORTING MOD): $_['tab_design']              = 'Design';
----------------------------------------------------------------------


---------- Date: 2014-02-09 14:50:39 ~ IP : 127.0.0.1 ----------
REQUEST URI : /admin/index.php?route=module/pavmegamenu/update&amp;root=1&amp;store_id=0&amp;token=cc2f6d00762ce3c3f61731f06a7a5d29
MOD DETAILS:
   modFile   : Z:\home\dev2.cellside.loc\www\vqmod/xml/vqmod_richsnippets_product.xml
   id        : Add Product GR Rich Snippets to opencart
   version   : 1.4
   vqmver    : 2.1.7
   author    : TransPacific Software

File Name    : admin/language/english/english.php(0)
VQModObject::applyMod - SEARCH NOT FOUND (ABORTING MOD): $_['tab_design']              = 'Design';
----------------------------------------------------------------------


---------- Date: 2014-02-09 14:50:41 ~ IP : 127.0.0.1 ----------
REQUEST URI : /admin/index.php?route=module/pavmegamenu/update&amp;root=1&amp;store_id=0&amp;token=cc2f6d00762ce3c3f61731f06a7a5d29
MOD DETAILS:
   modFile   : Z:\home\dev2.cellside.loc\www\vqmod/xml/vqmod_richsnippets_product.xml
   id        : Add Product GR Rich Snippets to opencart
   version   : 1.4
   vqmver    : 2.1.7
   author    : TransPacific Software

File Name    : admin/language/english/english.php(0)
VQModObject::applyMod - SEARCH NOT FOUND (ABORTING MOD): $_['tab_design']              = 'Design';
----------------------------------------------------------------------


---------- Date: 2014-02-09 14:50:43 ~ IP : 127.0.0.1 ----------
REQUEST URI : /admin/index.php?route=module/pavmegamenu/update&amp;root=1&amp;store_id=0&amp;token=cc2f6d00762ce3c3f61731f06a7a5d29
MOD DETAILS:
   modFile   : Z:\home\dev2.cellside.loc\www\vqmod/xml/vqmod_richsnippets_product.xml
   id        : Add Product GR Rich Snippets to opencart
   version   : 1.4
   vqmver    : 2.1.7
   author    : TransPacific Software

File Name    : admin/language/english/english.php(0)
VQModObject::applyMod - SEARCH NOT FOUND (ABORTING MOD): $_['tab_design']              = 'Design';
----------------------------------------------------------------------


---------- Date: 2014-02-09 14:50:44 ~ IP : 127.0.0.1 ----------
REQUEST URI : /admin/index.php?route=module/pavmegamenu/update&amp;root=1&amp;store_id=0&amp;token=cc2f6d00762ce3c3f61731f06a7a5d29
MOD DETAILS:
   modFile   : Z:\home\dev2.cellside.loc\www\vqmod/xml/vqmod_richsnippets_product.xml
   id        : Add Product GR Rich Snippets to opencart
   version   : 1.4
   vqmver    : 2.1.7
   author    : TransPacific Software

File Name    : admin/language/english/english.php(0)
VQModObject::applyMod - SEARCH NOT FOUND (ABORTING MOD): $_['tab_design']              = 'Design';
----------------------------------------------------------------------


---------- Date: 2014-02-09 14:50:47 ~ IP : 127.0.0.1 ----------
REQUEST URI : /admin/index.php?route=module/pavmegamenu/update&amp;root=1&amp;store_id=0&amp;token=cc2f6d00762ce3c3f61731f06a7a5d29
MOD DETAILS:
   modFile   : Z:\home\dev2.cellside.loc\www\vqmod/xml/vqmod_richsnippets_product.xml
   id        : Add Product GR Rich Snippets to opencart
   version   : 1.4
   vqmver    : 2.1.7
   author    : TransPacific Software

File Name    : admin/language/english/english.php(0)
VQModObject::applyMod - SEARCH NOT FOUND (ABORTING MOD): $_['tab_design']              = 'Design';
----------------------------------------------------------------------


---------- Date: 2014-02-09 14:50:48 ~ IP : 127.0.0.1 ----------
REQUEST URI : /admin/index.php?route=module/pavmegamenu/update&amp;root=1&amp;store_id=0&amp;token=cc2f6d00762ce3c3f61731f06a7a5d29
MOD DETAILS:
   modFile   : Z:\home\dev2.cellside.loc\www\vqmod/xml/vqmod_richsnippets_product.xml
   id        : Add Product GR Rich Snippets to opencart
   version   : 1.4
   vqmver    : 2.1.7
   author    : TransPacific Software

File Name    : admin/language/english/english.php(0)
VQModObject::applyMod - SEARCH NOT FOUND (ABORTING MOD): $_['tab_design']              = 'Design';
----------------------------------------------------------------------


---------- Date: 2014-02-09 14:50:50 ~ IP : 127.0.0.1 ----------
REQUEST URI : /admin/index.php?route=module/pavmegamenu/update&amp;root=1&amp;store_id=0&amp;token=cc2f6d00762ce3c3f61731f06a7a5d29
MOD DETAILS:
   modFile   : Z:\home\dev2.cellside.loc\www\vqmod/xml/vqmod_richsnippets_product.xml
   id        : Add Product GR Rich Snippets to opencart
   version   : 1.4
   vqmver    : 2.1.7
   author    : TransPacific Software

File Name    : admin/language/english/english.php(0)
VQModObject::applyMod - SEARCH NOT FOUND (ABORTING MOD): $_['tab_design']              = 'Design';
----------------------------------------------------------------------


---------- Date: 2014-02-09 14:50:52 ~ IP : 127.0.0.1 ----------
REQUEST URI : /admin/index.php?route=module/pavmegamenu/update&amp;root=1&amp;store_id=0&amp;token=cc2f6d00762ce3c3f61731f06a7a5d29
MOD DETAILS:
   modFile   : Z:\home\dev2.cellside.loc\www\vqmod/xml/vqmod_richsnippets_product.xml
   id        : Add Product GR Rich Snippets to opencart
   version   : 1.4
   vqmver    : 2.1.7
   author    : TransPacific Software

File Name    : admin/language/english/english.php(0)
VQModObject::applyMod - SEARCH NOT FOUND (ABORTING MOD): $_['tab_design']              = 'Design';
----------------------------------------------------------------------


---------- Date: 2014-02-09 14:50:54 ~ IP : 127.0.0.1 ----------
REQUEST URI : /admin/index.php?route=module/pavmegamenu/update&amp;root=1&amp;store_id=0&amp;token=cc2f6d00762ce3c3f61731f06a7a5d29
MOD DETAILS:
   modFile   : Z:\home\dev2.cellside.loc\www\vqmod/xml/vqmod_richsnippets_product.xml
   id        : Add Product GR Rich Snippets to opencart
   version   : 1.4
   vqmver    : 2.1.7
   author    : TransPacific Software

File Name    : admin/language/english/english.php(0)
VQModObject::applyMod - SEARCH NOT FOUND (ABORTING MOD): $_['tab_design']              = 'Design';
----------------------------------------------------------------------


---------- Date: 2014-02-09 14:50:56 ~ IP : 127.0.0.1 ----------
REQUEST URI : /admin/index.php?route=module/pavmegamenu/update&amp;root=1&amp;store_id=0&amp;token=cc2f6d00762ce3c3f61731f06a7a5d29
MOD DETAILS:
   modFile   : Z:\home\dev2.cellside.loc\www\vqmod/xml/vqmod_richsnippets_product.xml
   id        : Add Product GR Rich Snippets to opencart
   version   : 1.4
   vqmver    : 2.1.7
   author    : TransPacific Software

File Name    : admin/language/english/english.php(0)
VQModObject::applyMod - SEARCH NOT FOUND (ABORTING MOD): $_['tab_design']              = 'Design';
----------------------------------------------------------------------


---------- Date: 2014-02-09 14:50:58 ~ IP : 127.0.0.1 ----------
REQUEST URI : /admin/index.php?route=module/pavmegamenu/update&amp;root=1&amp;store_id=0&amp;token=cc2f6d00762ce3c3f61731f06a7a5d29
MOD DETAILS:
   modFile   : Z:\home\dev2.cellside.loc\www\vqmod/xml/vqmod_richsnippets_product.xml
   id        : Add Product GR Rich Snippets to opencart
   version   : 1.4
   vqmver    : 2.1.7
   author    : TransPacific Software

File Name    : admin/language/english/english.php(0)
VQModObject::applyMod - SEARCH NOT FOUND (ABORTING MOD): $_['tab_design']              = 'Design';
----------------------------------------------------------------------


---------- Date: 2014-02-09 14:51:00 ~ IP : 127.0.0.1 ----------
REQUEST URI : /admin/index.php?route=module/pavmegamenu/update&amp;root=1&amp;store_id=0&amp;token=cc2f6d00762ce3c3f61731f06a7a5d29
MOD DETAILS:
   modFile   : Z:\home\dev2.cellside.loc\www\vqmod/xml/vqmod_richsnippets_product.xml
   id        : Add Product GR Rich Snippets to opencart
   version   : 1.4
   vqmver    : 2.1.7
   author    : TransPacific Software

File Name    : admin/language/english/english.php(0)
VQModObject::applyMod - SEARCH NOT FOUND (ABORTING MOD): $_['tab_design']              = 'Design';
----------------------------------------------------------------------


---------- Date: 2014-02-09 14:51:02 ~ IP : 127.0.0.1 ----------
REQUEST URI : /admin/index.php?route=module/pavmegamenu&amp;id=40&amp;token=cc2f6d00762ce3c3f61731f06a7a5d29
MOD DETAILS:
   modFile   : Z:\home\dev2.cellside.loc\www\vqmod/xml/vqmod_richsnippets_product.xml
   id        : Add Product GR Rich Snippets to opencart
   version   : 1.4
   vqmver    : 2.1.7
   author    : TransPacific Software

File Name    : admin/language/english/english.php(0)
VQModObject::applyMod - SEARCH NOT FOUND (ABORTING MOD): $_['tab_design']              = 'Design';
----------------------------------------------------------------------


---------- Date: 2014-02-09 14:51:03 ~ IP : 127.0.0.1 ----------
REQUEST URI : /admin/index.php?route=module/pavmegamenu&amp;id=40&amp;token=cc2f6d00762ce3c3f61731f06a7a5d29
MOD DETAILS:
   modFile   : Z:\home\dev2.cellside.loc\www\vqmod/xml/vqmod_richsnippets_product.xml
   id        : Add Product GR Rich Snippets to opencart
   version   : 1.4
   vqmver    : 2.1.7
   author    : TransPacific Software

File Name    : admin/language/english/english.php(0)
VQModObject::applyMod - SEARCH NOT FOUND (ABORTING MOD): $_['tab_design']              = 'Design';
----------------------------------------------------------------------


---------- Date: 2014-02-09 14:51:04 ~ IP : 127.0.0.1 ----------
REQUEST URI : /admin/index.php?route=module/pavmegamenu&amp;id=40&amp;token=cc2f6d00762ce3c3f61731f06a7a5d29
MOD DETAILS:
   modFile   : Z:\home\dev2.cellside.loc\www\vqmod/xml/vqmod_richsnippets_product.xml
   id        : Add Product GR Rich Snippets to opencart
   version   : 1.4
   vqmver    : 2.1.7
   author    : TransPacific Software

File Name    : admin/language/english/english.php(0)
VQModObject::applyMod - SEARCH NOT FOUND (ABORTING MOD): $_['tab_design']              = 'Design';
----------------------------------------------------------------------


---------- Date: 2014-02-09 14:52:23 ~ IP : 127.0.0.1 ----------
REQUEST URI : /admin/index.php?route=module/pavmegamenu&amp;token=cc2f6d00762ce3c3f61731f06a7a5d29
MOD DETAILS:
   modFile   : Z:\home\dev2.cellside.loc\www\vqmod/xml/vqmod_richsnippets_product.xml
   id        : Add Product GR Rich Snippets to opencart
   version   : 1.4
   vqmver    : 2.1.7
   author    : TransPacific Software

File Name    : admin/language/english/english.php(0)
VQModObject::applyMod - SEARCH NOT FOUND (ABORTING MOD): $_['tab_design']              = 'Design';
----------------------------------------------------------------------


---------- Date: 2014-02-09 14:52:25 ~ IP : 127.0.0.1 ----------
REQUEST URI : /admin/index.php?route=module/pavmegamenu&amp;token=cc2f6d00762ce3c3f61731f06a7a5d29&amp;store_id=0
MOD DETAILS:
   modFile   : Z:\home\dev2.cellside.loc\www\vqmod/xml/vqmod_richsnippets_product.xml
   id        : Add Product GR Rich Snippets to opencart
   version   : 1.4
   vqmver    : 2.1.7
   author    : TransPacific Software

File Name    : admin/language/english/english.php(0)
VQModObject::applyMod - SEARCH NOT FOUND (ABORTING MOD): $_['tab_design']              = 'Design';
----------------------------------------------------------------------


---------- Date: 2014-02-09 14:53:04 ~ IP : 127.0.0.1 ----------
REQUEST URI : /admin/index.php?route=module/pavmegamenu&amp;token=cc2f6d00762ce3c3f61731f06a7a5d29&amp;store_id=0
MOD DETAILS:
   modFile   : Z:\home\dev2.cellside.loc\www\vqmod/xml/vqmod_richsnippets_product.xml
   id        : Add Product GR Rich Snippets to opencart
   version   : 1.4
   vqmver    : 2.1.7
   author    : TransPacific Software

File Name    : admin/language/english/english.php(0)
VQModObject::applyMod - SEARCH NOT FOUND (ABORTING MOD): $_['tab_design']              = 'Design';
----------------------------------------------------------------------


---------- Date: 2014-02-09 14:53:06 ~ IP : 127.0.0.1 ----------
REQUEST URI : /admin/index.php?route=module/pavmegamenu&amp;token=cc2f6d00762ce3c3f61731f06a7a5d29&amp;store_id=0
MOD DETAILS:
   modFile   : Z:\home\dev2.cellside.loc\www\vqmod/xml/vqmod_richsnippets_product.xml
   id        : Add Product GR Rich Snippets to opencart
   version   : 1.4
   vqmver    : 2.1.7
   author    : TransPacific Software

File Name    : admin/language/english/english.php(0)
VQModObject::applyMod - SEARCH NOT FOUND (ABORTING MOD): $_['tab_design']              = 'Design';
----------------------------------------------------------------------


---------- Date: 2014-02-09 14:53:24 ~ IP : 127.0.0.1 ----------
REQUEST URI : /admin/index.php?route=module/pavmegamenu/delete&amp;token=cc2f6d00762ce3c3f61731f06a7a5d29&amp;store_id=0&amp;id=146
MOD DETAILS:
   modFile   : Z:\home\dev2.cellside.loc\www\vqmod/xml/vqmod_richsnippets_product.xml
   id        : Add Product GR Rich Snippets to opencart
   version   : 1.4
   vqmver    : 2.1.7
   author    : TransPacific Software

File Name    : admin/language/english/english.php(0)
VQModObject::applyMod - SEARCH NOT FOUND (ABORTING MOD): $_['tab_design']              = 'Design';
----------------------------------------------------------------------


---------- Date: 2014-02-09 14:53:26 ~ IP : 127.0.0.1 ----------
REQUEST URI : /admin/index.php?route=module/pavmegamenu&amp;token=cc2f6d00762ce3c3f61731f06a7a5d29
MOD DETAILS:
   modFile   : Z:\home\dev2.cellside.loc\www\vqmod/xml/vqmod_richsnippets_product.xml
   id        : Add Product GR Rich Snippets to opencart
   version   : 1.4
   vqmver    : 2.1.7
   author    : TransPacific Software

File Name    : admin/language/english/english.php(0)
VQModObject::applyMod - SEARCH NOT FOUND (ABORTING MOD): $_['tab_design']              = 'Design';
----------------------------------------------------------------------


---------- Date: 2014-02-09 14:58:02 ~ IP : 127.0.0.1 ----------
REQUEST URI : /admin/index.php?route=extension/module&amp;token=cc2f6d00762ce3c3f61731f06a7a5d29
MOD DETAILS:
   modFile   : Z:\home\dev2.cellside.loc\www\vqmod/xml/vqmod_richsnippets_product.xml
   id        : Add Product GR Rich Snippets to opencart
   version   : 1.4
   vqmver    : 2.1.7
   author    : TransPacific Software

File Name    : admin/language/english/english.php(0)
VQModObject::applyMod - SEARCH NOT FOUND (ABORTING MOD): $_['tab_design']              = 'Design';
----------------------------------------------------------------------


---------- Date: 2014-02-09 14:58:17 ~ IP : 127.0.0.1 ----------
REQUEST URI : /admin/index.php?route=module/pavcustom&amp;token=cc2f6d00762ce3c3f61731f06a7a5d29
MOD DETAILS:
   modFile   : Z:\home\dev2.cellside.loc\www\vqmod/xml/vqmod_richsnippets_product.xml
   id        : Add Product GR Rich Snippets to opencart
   version   : 1.4
   vqmver    : 2.1.7
   author    : TransPacific Software

File Name    : admin/language/english/english.php(0)
VQModObject::applyMod - SEARCH NOT FOUND (ABORTING MOD): $_['tab_design']              = 'Design';
----------------------------------------------------------------------


---------- Date: 2014-02-09 14:58:26 ~ IP : 127.0.0.1 ----------
REQUEST URI : /admin/index.php?route=module/pavcustom&amp;token=cc2f6d00762ce3c3f61731f06a7a5d29
MOD DETAILS:
   modFile   : Z:\home\dev2.cellside.loc\www\vqmod/xml/vqmod_richsnippets_product.xml
   id        : Add Product GR Rich Snippets to opencart
   version   : 1.4
   vqmver    : 2.1.7
   author    : TransPacific Software

File Name    : admin/language/english/english.php(0)
VQModObject::applyMod - SEARCH NOT FOUND (ABORTING MOD): $_['tab_design']              = 'Design';
----------------------------------------------------------------------


---------- Date: 2014-02-09 15:04:17 ~ IP : 127.0.0.1 ----------
REQUEST URI : /admin/index.php?route=module/pavcustom&amp;token=cc2f6d00762ce3c3f61731f06a7a5d29
MOD DETAILS:
   modFile   : Z:\home\dev2.cellside.loc\www\vqmod/xml/vqmod_richsnippets_product.xml
   id        : Add Product GR Rich Snippets to opencart
   version   : 1.4
   vqmver    : 2.1.7
   author    : TransPacific Software

File Name    : admin/language/english/english.php(0)
VQModObject::applyMod - SEARCH NOT FOUND (ABORTING MOD): $_['tab_design']              = 'Design';
----------------------------------------------------------------------


---------- Date: 2014-02-09 15:04:19 ~ IP : 127.0.0.1 ----------
REQUEST URI : /admin/index.php?route=extension/module&amp;token=cc2f6d00762ce3c3f61731f06a7a5d29
MOD DETAILS:
   modFile   : Z:\home\dev2.cellside.loc\www\vqmod/xml/vqmod_richsnippets_product.xml
   id        : Add Product GR Rich Snippets to opencart
   version   : 1.4
   vqmver    : 2.1.7
   author    : TransPacific Software

File Name    : admin/language/english/english.php(0)
VQModObject::applyMod - SEARCH NOT FOUND (ABORTING MOD): $_['tab_design']              = 'Design';
----------------------------------------------------------------------


---------- Date: 2014-02-09 15:04:33 ~ IP : 127.0.0.1 ----------
REQUEST URI : /admin/index.php?route=module/pavcustom&amp;token=cc2f6d00762ce3c3f61731f06a7a5d29
MOD DETAILS:
   modFile   : Z:\home\dev2.cellside.loc\www\vqmod/xml/vqmod_richsnippets_product.xml
   id        : Add Product GR Rich Snippets to opencart
   version   : 1.4
   vqmver    : 2.1.7
   author    : TransPacific Software

File Name    : admin/language/english/english.php(0)
VQModObject::applyMod - SEARCH NOT FOUND (ABORTING MOD): $_['tab_design']              = 'Design';
----------------------------------------------------------------------


---------- Date: 2014-02-09 15:04:37 ~ IP : 127.0.0.1 ----------
REQUEST URI : /admin/index.php?route=module/pavcustom&amp;token=cc2f6d00762ce3c3f61731f06a7a5d29
MOD DETAILS:
   modFile   : Z:\home\dev2.cellside.loc\www\vqmod/xml/vqmod_richsnippets_product.xml
   id        : Add Product GR Rich Snippets to opencart
   version   : 1.4
   vqmver    : 2.1.7
   author    : TransPacific Software

File Name    : admin/language/english/english.php(0)
VQModObject::applyMod - SEARCH NOT FOUND (ABORTING MOD): $_['tab_design']              = 'Design';
----------------------------------------------------------------------


---------- Date: 2014-02-09 15:08:52 ~ IP : 127.0.0.1 ----------
REQUEST URI : /admin/index.php?route=module/pavcustom&amp;token=cc2f6d00762ce3c3f61731f06a7a5d29
MOD DETAILS:
   modFile   : Z:\home\dev2.cellside.loc\www\vqmod/xml/vqmod_richsnippets_product.xml
   id        : Add Product GR Rich Snippets to opencart
   version   : 1.4
   vqmver    : 2.1.7
   author    : TransPacific Software

File Name    : admin/language/english/english.php(0)
VQModObject::applyMod - SEARCH NOT FOUND (ABORTING MOD): $_['tab_design']              = 'Design';
----------------------------------------------------------------------


---------- Date: 2014-02-09 15:08:55 ~ IP : 127.0.0.1 ----------
REQUEST URI : /admin/index.php?route=extension/module&amp;token=cc2f6d00762ce3c3f61731f06a7a5d29
MOD DETAILS:
   modFile   : Z:\home\dev2.cellside.loc\www\vqmod/xml/vqmod_richsnippets_product.xml
   id        : Add Product GR Rich Snippets to opencart
   version   : 1.4
   vqmver    : 2.1.7
   author    : TransPacific Software

File Name    : admin/language/english/english.php(0)
VQModObject::applyMod - SEARCH NOT FOUND (ABORTING MOD): $_['tab_design']              = 'Design';
----------------------------------------------------------------------


---------- Date: 2014-02-09 15:20:25 ~ IP : 127.0.0.1 ----------
REQUEST URI : /admin/index.php?route=module/pavcustom&amp;token=cc2f6d00762ce3c3f61731f06a7a5d29
MOD DETAILS:
   modFile   : Z:\home\dev2.cellside.loc\www\vqmod/xml/vqmod_richsnippets_product.xml
   id        : Add Product GR Rich Snippets to opencart
   version   : 1.4
   vqmver    : 2.1.7
   author    : TransPacific Software

File Name    : admin/language/english/english.php(0)
VQModObject::applyMod - SEARCH NOT FOUND (ABORTING MOD): $_['tab_design']              = 'Design';
----------------------------------------------------------------------


---------- Date: 2014-02-09 15:21:02 ~ IP : 127.0.0.1 ----------
REQUEST URI : /admin/index.php?route=module/pavcustom&amp;token=cc2f6d00762ce3c3f61731f06a7a5d29
MOD DETAILS:
   modFile   : Z:\home\dev2.cellside.loc\www\vqmod/xml/vqmod_richsnippets_product.xml
   id        : Add Product GR Rich Snippets to opencart
   version   : 1.4
   vqmver    : 2.1.7
   author    : TransPacific Software

File Name    : admin/language/english/english.php(0)
VQModObject::applyMod - SEARCH NOT FOUND (ABORTING MOD): $_['tab_design']              = 'Design';
----------------------------------------------------------------------


---------- Date: 2014-02-09 15:23:49 ~ IP : 127.0.0.1 ----------
REQUEST URI : /admin/index.php?route=module/pavcustom&amp;token=cc2f6d00762ce3c3f61731f06a7a5d29
MOD DETAILS:
   modFile   : Z:\home\dev2.cellside.loc\www\vqmod/xml/vqmod_richsnippets_product.xml
   id        : Add Product GR Rich Snippets to opencart
   version   : 1.4
   vqmver    : 2.1.7
   author    : TransPacific Software

File Name    : admin/language/english/english.php(0)
VQModObject::applyMod - SEARCH NOT FOUND (ABORTING MOD): $_['tab_design']              = 'Design';
----------------------------------------------------------------------


---------- Date: 2014-02-09 15:23:51 ~ IP : 127.0.0.1 ----------
REQUEST URI : /admin/index.php?route=extension/module&amp;token=cc2f6d00762ce3c3f61731f06a7a5d29
MOD DETAILS:
   modFile   : Z:\home\dev2.cellside.loc\www\vqmod/xml/vqmod_richsnippets_product.xml
   id        : Add Product GR Rich Snippets to opencart
   version   : 1.4
   vqmver    : 2.1.7
   author    : TransPacific Software

File Name    : admin/language/english/english.php(0)
VQModObject::applyMod - SEARCH NOT FOUND (ABORTING MOD): $_['tab_design']              = 'Design';
----------------------------------------------------------------------


---------- Date: 2014-02-09 15:24:04 ~ IP : 127.0.0.1 ----------
REQUEST URI : /admin/index.php?route=module/pavtwitter&amp;token=cc2f6d00762ce3c3f61731f06a7a5d29
MOD DETAILS:
   modFile   : Z:\home\dev2.cellside.loc\www\vqmod/xml/vqmod_richsnippets_product.xml
   id        : Add Product GR Rich Snippets to opencart
   version   : 1.4
   vqmver    : 2.1.7
   author    : TransPacific Software

File Name    : admin/language/english/english.php(0)
VQModObject::applyMod - SEARCH NOT FOUND (ABORTING MOD): $_['tab_design']              = 'Design';
----------------------------------------------------------------------


---------- Date: 2014-02-09 15:24:14 ~ IP : 127.0.0.1 ----------
REQUEST URI : /admin/index.php?route=module/pavtwitter&amp;token=cc2f6d00762ce3c3f61731f06a7a5d29
MOD DETAILS:
   modFile   : Z:\home\dev2.cellside.loc\www\vqmod/xml/vqmod_richsnippets_product.xml
   id        : Add Product GR Rich Snippets to opencart
   version   : 1.4
   vqmver    : 2.1.7
   author    : TransPacific Software

File Name    : admin/language/english/english.php(0)
VQModObject::applyMod - SEARCH NOT FOUND (ABORTING MOD): $_['tab_design']              = 'Design';
----------------------------------------------------------------------


---------- Date: 2014-02-09 15:24:17 ~ IP : 127.0.0.1 ----------
REQUEST URI : /admin/index.php?route=extension/module&amp;token=cc2f6d00762ce3c3f61731f06a7a5d29
MOD DETAILS:
   modFile   : Z:\home\dev2.cellside.loc\www\vqmod/xml/vqmod_richsnippets_product.xml
   id        : Add Product GR Rich Snippets to opencart
   version   : 1.4
   vqmver    : 2.1.7
   author    : TransPacific Software

File Name    : admin/language/english/english.php(0)
VQModObject::applyMod - SEARCH NOT FOUND (ABORTING MOD): $_['tab_design']              = 'Design';
----------------------------------------------------------------------


---------- Date: 2014-02-09 15:25:07 ~ IP : 127.0.0.1 ----------
REQUEST URI : /admin/index.php?route=module/pavcustom&amp;token=cc2f6d00762ce3c3f61731f06a7a5d29
MOD DETAILS:
   modFile   : Z:\home\dev2.cellside.loc\www\vqmod/xml/vqmod_richsnippets_product.xml
   id        : Add Product GR Rich Snippets to opencart
   version   : 1.4
   vqmver    : 2.1.7
   author    : TransPacific Software

File Name    : admin/language/english/english.php(0)
VQModObject::applyMod - SEARCH NOT FOUND (ABORTING MOD): $_['tab_design']              = 'Design';
----------------------------------------------------------------------


---------- Date: 2014-02-09 15:28:34 ~ IP : 127.0.0.1 ----------
REQUEST URI : /admin/index.php?route=module/pavcustom&amp;token=cc2f6d00762ce3c3f61731f06a7a5d29
MOD DETAILS:
   modFile   : Z:\home\dev2.cellside.loc\www\vqmod/xml/vqmod_richsnippets_product.xml
   id        : Add Product GR Rich Snippets to opencart
   version   : 1.4
   vqmver    : 2.1.7
   author    : TransPacific Software

File Name    : admin/language/english/english.php(0)
VQModObject::applyMod - SEARCH NOT FOUND (ABORTING MOD): $_['tab_design']              = 'Design';
----------------------------------------------------------------------


---------- Date: 2014-02-09 15:28:37 ~ IP : 127.0.0.1 ----------
REQUEST URI : /admin/index.php?route=extension/module&amp;token=cc2f6d00762ce3c3f61731f06a7a5d29
MOD DETAILS:
   modFile   : Z:\home\dev2.cellside.loc\www\vqmod/xml/vqmod_richsnippets_product.xml
   id        : Add Product GR Rich Snippets to opencart
   version   : 1.4
   vqmver    : 2.1.7
   author    : TransPacific Software

File Name    : admin/language/english/english.php(0)
VQModObject::applyMod - SEARCH NOT FOUND (ABORTING MOD): $_['tab_design']              = 'Design';
----------------------------------------------------------------------


