---------- Date: 2014-03-04 17:15:58 ~ IP : 127.0.0.1 ----------
REQUEST URI : /admin/
MOD DETAILS:
   modFile   : Z:\home\dev2.cellside.loc\www\vqmod/xml/vqmod_richsnippets_product.xml
   id        : Add Product GR Rich Snippets to opencart
   version   : 1.4
   vqmver    : 2.1.7
   author    : TransPacific Software

File Name    : admin/language/english/english.php(0)
VQModObject::applyMod - SEARCH NOT FOUND (ABORTING MOD): $_['tab_design']              = 'Design';
----------------------------------------------------------------------


---------- Date: 2014-03-04 17:16:04 ~ IP : 127.0.0.1 ----------
REQUEST URI : /admin/index.php?route=common/login
MOD DETAILS:
   modFile   : Z:\home\dev2.cellside.loc\www\vqmod/xml/vqmod_richsnippets_product.xml
   id        : Add Product GR Rich Snippets to opencart
   version   : 1.4
   vqmver    : 2.1.7
   author    : TransPacific Software

File Name    : admin/language/english/english.php(0)
VQModObject::applyMod - SEARCH NOT FOUND (ABORTING MOD): $_['tab_design']              = 'Design';
----------------------------------------------------------------------


---------- Date: 2014-03-04 17:16:08 ~ IP : 127.0.0.1 ----------
REQUEST URI : /admin/index.php?route=common/home&amp;token=284855744fbb5dea258d1b1b2c40129f
MOD DETAILS:
   modFile   : Z:\home\dev2.cellside.loc\www\vqmod/xml/vqmod_richsnippets_product.xml
   id        : Add Product GR Rich Snippets to opencart
   version   : 1.4
   vqmver    : 2.1.7
   author    : TransPacific Software

File Name    : admin/language/english/english.php(0)
VQModObject::applyMod - SEARCH NOT FOUND (ABORTING MOD): $_['tab_design']              = 'Design';
----------------------------------------------------------------------


---------- Date: 2014-03-04 17:16:22 ~ IP : 127.0.0.1 ----------
REQUEST URI : /admin/index.php?route=common/home/chart&amp;token=284855744fbb5dea258d1b1b2c40129f&amp;range=month
MOD DETAILS:
   modFile   : Z:\home\dev2.cellside.loc\www\vqmod/xml/vqmod_richsnippets_product.xml
   id        : Add Product GR Rich Snippets to opencart
   version   : 1.4
   vqmver    : 2.1.7
   author    : TransPacific Software

File Name    : admin/language/english/english.php(0)
VQModObject::applyMod - SEARCH NOT FOUND (ABORTING MOD): $_['tab_design']              = 'Design';
----------------------------------------------------------------------


---------- Date: 2014-03-04 17:16:22 ~ IP : 127.0.0.1 ----------
REQUEST URI : /admin/index.php?route=common/home/chart&amp;token=284855744fbb5dea258d1b1b2c40129f&amp;range=week
MOD DETAILS:
   modFile   : Z:\home\dev2.cellside.loc\www\vqmod/xml/vqmod_richsnippets_product.xml
   id        : Add Product GR Rich Snippets to opencart
   version   : 1.4
   vqmver    : 2.1.7
   author    : TransPacific Software

File Name    : admin/language/english/english.php(0)
VQModObject::applyMod - SEARCH NOT FOUND (ABORTING MOD): $_['tab_design']              = 'Design';
----------------------------------------------------------------------


---------- Date: 2014-03-04 17:16:22 ~ IP : 127.0.0.1 ----------
REQUEST URI : /admin/index.php?route=common/home/chart&amp;token=284855744fbb5dea258d1b1b2c40129f&amp;range=day
MOD DETAILS:
   modFile   : Z:\home\dev2.cellside.loc\www\vqmod/xml/vqmod_richsnippets_product.xml
   id        : Add Product GR Rich Snippets to opencart
   version   : 1.4
   vqmver    : 2.1.7
   author    : TransPacific Software

File Name    : admin/language/english/english.php(0)
VQModObject::applyMod - SEARCH NOT FOUND (ABORTING MOD): $_['tab_design']              = 'Design';
----------------------------------------------------------------------


---------- Date: 2014-03-04 17:16:22 ~ IP : 127.0.0.1 ----------
REQUEST URI : /admin/index.php?route=common/home/chart&amp;token=284855744fbb5dea258d1b1b2c40129f&amp;range=year
MOD DETAILS:
   modFile   : Z:\home\dev2.cellside.loc\www\vqmod/xml/vqmod_richsnippets_product.xml
   id        : Add Product GR Rich Snippets to opencart
   version   : 1.4
   vqmver    : 2.1.7
   author    : TransPacific Software

File Name    : admin/language/english/english.php(0)
VQModObject::applyMod - SEARCH NOT FOUND (ABORTING MOD): $_['tab_design']              = 'Design';
----------------------------------------------------------------------


---------- Date: 2014-03-04 17:16:25 ~ IP : 127.0.0.1 ----------
REQUEST URI : /admin/index.php?route=extension/module&amp;token=284855744fbb5dea258d1b1b2c40129f
MOD DETAILS:
   modFile   : Z:\home\dev2.cellside.loc\www\vqmod/xml/vqmod_richsnippets_product.xml
   id        : Add Product GR Rich Snippets to opencart
   version   : 1.4
   vqmver    : 2.1.7
   author    : TransPacific Software

File Name    : admin/language/english/english.php(0)
VQModObject::applyMod - SEARCH NOT FOUND (ABORTING MOD): $_['tab_design']              = 'Design';
----------------------------------------------------------------------


---------- Date: 2014-03-04 17:16:36 ~ IP : 127.0.0.1 ----------
REQUEST URI : /admin/index.php?route=module/pavcustom&amp;token=284855744fbb5dea258d1b1b2c40129f
MOD DETAILS:
   modFile   : Z:\home\dev2.cellside.loc\www\vqmod/xml/vqmod_richsnippets_product.xml
   id        : Add Product GR Rich Snippets to opencart
   version   : 1.4
   vqmver    : 2.1.7
   author    : TransPacific Software

File Name    : admin/language/english/english.php(0)
VQModObject::applyMod - SEARCH NOT FOUND (ABORTING MOD): $_['tab_design']              = 'Design';
----------------------------------------------------------------------


---------- Date: 2014-03-04 17:17:02 ~ IP : 127.0.0.1 ----------
REQUEST URI : /admin/index.php?route=module/pavcustom&amp;token=284855744fbb5dea258d1b1b2c40129f
MOD DETAILS:
   modFile   : Z:\home\dev2.cellside.loc\www\vqmod/xml/vqmod_richsnippets_product.xml
   id        : Add Product GR Rich Snippets to opencart
   version   : 1.4
   vqmver    : 2.1.7
   author    : TransPacific Software

File Name    : admin/language/english/english.php(0)
VQModObject::applyMod - SEARCH NOT FOUND (ABORTING MOD): $_['tab_design']              = 'Design';
----------------------------------------------------------------------


---------- Date: 2014-03-04 17:17:04 ~ IP : 127.0.0.1 ----------
REQUEST URI : /admin/index.php?route=module/pavcustom&amp;token=284855744fbb5dea258d1b1b2c40129f
MOD DETAILS:
   modFile   : Z:\home\dev2.cellside.loc\www\vqmod/xml/vqmod_richsnippets_product.xml
   id        : Add Product GR Rich Snippets to opencart
   version   : 1.4
   vqmver    : 2.1.7
   author    : TransPacific Software

File Name    : admin/language/english/english.php(0)
VQModObject::applyMod - SEARCH NOT FOUND (ABORTING MOD): $_['tab_design']              = 'Design';
----------------------------------------------------------------------


---------- Date: 2014-03-04 17:18:21 ~ IP : 127.0.0.1 ----------
REQUEST URI : /admin/index.php?route=module/pavcustom&amp;token=284855744fbb5dea258d1b1b2c40129f
MOD DETAILS:
   modFile   : Z:\home\dev2.cellside.loc\www\vqmod/xml/vqmod_richsnippets_product.xml
   id        : Add Product GR Rich Snippets to opencart
   version   : 1.4
   vqmver    : 2.1.7
   author    : TransPacific Software

File Name    : admin/language/english/english.php(0)
VQModObject::applyMod - SEARCH NOT FOUND (ABORTING MOD): $_['tab_design']              = 'Design';
----------------------------------------------------------------------


---------- Date: 2014-03-04 17:18:23 ~ IP : 127.0.0.1 ----------
REQUEST URI : /admin/index.php?route=module/pavcustom&amp;token=284855744fbb5dea258d1b1b2c40129f
MOD DETAILS:
   modFile   : Z:\home\dev2.cellside.loc\www\vqmod/xml/vqmod_richsnippets_product.xml
   id        : Add Product GR Rich Snippets to opencart
   version   : 1.4
   vqmver    : 2.1.7
   author    : TransPacific Software

File Name    : admin/language/english/english.php(0)
VQModObject::applyMod - SEARCH NOT FOUND (ABORTING MOD): $_['tab_design']              = 'Design';
----------------------------------------------------------------------


---------- Date: 2014-03-04 17:26:41 ~ IP : 127.0.0.1 ----------
REQUEST URI : /index.php?route=product/product&amp;product_id=33
MOD DETAILS:
   modFile   : Z:\home\dev2.cellside.loc\www\vqmod/xml/vba image zoom.xml
   id        : VbA Image Zoom Mod
   version   : 1.0
   vqmver    : 2.1.5
   author    : VbA - http://TheHoster.net

File Name    : catalog/view/theme/*/template/common/header.tpl(0)
VQModObject::applyMod - SEARCH NOT FOUND (ABORTING MOD): <script type="text/javascript" src="catalog/view/javascript/common.js"></script>

----------------------------------------------------------------------


---------- Date: 2014-03-04 17:29:47 ~ IP : 127.0.0.1 ----------
REQUEST URI : /index.php?route=product/product&amp;product_id=33
MOD DETAILS:
   modFile   : Z:\home\dev2.cellside.loc\www\vqmod/xml/vba image zoom.xml
   id        : VbA Image Zoom Mod
   version   : 1.0
   vqmver    : 2.1.5
   author    : VbA - http://TheHoster.net

File Name    : catalog/view/theme/*/template/common/header.tpl(0)
VQModObject::applyMod - SEARCH NOT FOUND (ABORTING MOD): <script type="text/javascript" src="catalog/view/javascript/common.js"></script>

----------------------------------------------------------------------


---------- Date: 2014-03-04 17:47:15 ~ IP : 127.0.0.1 ----------
REQUEST URI : /index.php?route=common/home
MOD DETAILS:
   modFile   : Z:\home\dev2.cellside.loc\www\vqmod/xml/vba image zoom.xml
   id        : VbA Image Zoom Mod
   version   : 1.0
   vqmver    : 2.1.5
   author    : VbA - http://TheHoster.net

File Name    : catalog/view/theme/*/template/common/header.tpl(0)
VQModObject::applyMod - SEARCH NOT FOUND (ABORTING MOD): <script type="text/javascript" src="catalog/view/javascript/common.js"></script>

----------------------------------------------------------------------


---------- Date: 2014-03-04 17:48:40 ~ IP : 127.0.0.1 ----------
REQUEST URI : /index.php?route=common/home
MOD DETAILS:
   modFile   : Z:\home\dev2.cellside.loc\www\vqmod/xml/vba image zoom.xml
   id        : VbA Image Zoom Mod
   version   : 1.0
   vqmver    : 2.1.5
   author    : VbA - http://TheHoster.net

File Name    : catalog/view/theme/*/template/common/header.tpl(0)
VQModObject::applyMod - SEARCH NOT FOUND (ABORTING MOD): <script type="text/javascript" src="catalog/view/javascript/common.js"></script>

----------------------------------------------------------------------


