---------- Date: 2014-03-12 08:35:57 ~ IP : 127.0.0.1 ----------
REQUEST URI : /index.php?route=product/category&amp;path=59_224
MOD DETAILS:
   modFile   : Z:\home\dev2.cellside.loc\www\vqmod/xml/Default_theme_You_Save_%.xml
   id        : Yousave%_default_theme
   version   : 1
   vqmver    : 2
   author    : LizardDesign

File Name    : catalog/view/theme/*/template/product/category.tpl(0)
VQModObject::applyMod - SEARCH NOT FOUND (ABORTING MOD): <span class="price-old"><?php echo $product['price']; ?></span> <span class="price-new"><?php echo $product['special']; ?></span>

MOD DETAILS:
   modFile   : Z:\home\dev2.cellside.loc\www\vqmod/xml/colorandsizeplus.xml
   id        : Color and Size
   version   : OpenCart 1.5.x
   vqmver    : 2.3
   author    : Lizard2013

File Name    : catalog/view/theme/*/template/product/category.tpl(0)
VQModObject::applyMod - SEARCH NOT FOUND (ABORTING MOD): <div class="name"><a href="<?php echo $product['href']; ?>"><?php echo $product['name']; ?></a></div>
----------------------------------------------------------------------


---------- Date: 2014-03-12 08:36:16 ~ IP : 127.0.0.1 ----------
REQUEST URI : /index.php?route=product/category&amp;path=59_93
MOD DETAILS:
   modFile   : Z:\home\dev2.cellside.loc\www\vqmod/xml/Default_theme_You_Save_%.xml
   id        : Yousave%_default_theme
   version   : 1
   vqmver    : 2
   author    : LizardDesign

File Name    : catalog/view/theme/*/template/product/category.tpl(0)
VQModObject::applyMod - SEARCH NOT FOUND (ABORTING MOD): <span class="price-old"><?php echo $product['price']; ?></span> <span class="price-new"><?php echo $product['special']; ?></span>

MOD DETAILS:
   modFile   : Z:\home\dev2.cellside.loc\www\vqmod/xml/colorandsizeplus.xml
   id        : Color and Size
   version   : OpenCart 1.5.x
   vqmver    : 2.3
   author    : Lizard2013

File Name    : catalog/view/theme/*/template/product/category.tpl(0)
VQModObject::applyMod - SEARCH NOT FOUND (ABORTING MOD): <div class="name"><a href="<?php echo $product['href']; ?>"><?php echo $product['name']; ?></a></div>
----------------------------------------------------------------------


