---------- Date: 2014-03-06 09:04:53 ~ IP : 127.0.0.1 ----------
REQUEST URI : /index.php?route=checkout/checkout
MOD DETAILS:
   modFile   : Z:\home\dev2.cellside.loc\www\vqmod/xml/vba image zoom.xml
   id        : VbA Image Zoom Mod
   version   : 1.0
   vqmver    : 2.1.5
   author    : VbA - http://TheHoster.net

File Name    : catalog/view/theme/*/template/common/header.tpl(0)
VQModObject::applyMod - SEARCH NOT FOUND (ABORTING MOD): <script type="text/javascript" src="catalog/view/javascript/common.js"></script>

----------------------------------------------------------------------


---------- Date: 2014-03-06 09:09:19 ~ IP : 127.0.0.1 ----------
REQUEST URI : /index.php?route=information/unlocking
MOD DETAILS:
   modFile   : Z:\home\dev2.cellside.loc\www\vqmod/xml/vba image zoom.xml
   id        : VbA Image Zoom Mod
   version   : 1.0
   vqmver    : 2.1.5
   author    : VbA - http://TheHoster.net

File Name    : catalog/view/theme/*/template/common/header.tpl(0)
VQModObject::applyMod - SEARCH NOT FOUND (ABORTING MOD): <script type="text/javascript" src="catalog/view/javascript/common.js"></script>

----------------------------------------------------------------------


---------- Date: 2014-03-06 09:15:31 ~ IP : 127.0.0.1 ----------
REQUEST URI : /index.php?route=information/unlocking
MOD DETAILS:
   modFile   : Z:\home\dev2.cellside.loc\www\vqmod/xml/vba image zoom.xml
   id        : VbA Image Zoom Mod
   version   : 1.0
   vqmver    : 2.1.5
   author    : VbA - http://TheHoster.net

File Name    : catalog/view/theme/*/template/common/header.tpl(0)
VQModObject::applyMod - SEARCH NOT FOUND (ABORTING MOD): <script type="text/javascript" src="catalog/view/javascript/common.js"></script>

----------------------------------------------------------------------


---------- Date: 2014-03-06 09:26:09 ~ IP : 127.0.0.1 ----------
REQUEST URI : /index.php?route=information/unlocking
MOD DETAILS:
   modFile   : Z:\home\dev2.cellside.loc\www\vqmod/xml/vba image zoom.xml
   id        : VbA Image Zoom Mod
   version   : 1.0
   vqmver    : 2.1.5
   author    : VbA - http://TheHoster.net

File Name    : catalog/view/theme/*/template/common/header.tpl(0)
VQModObject::applyMod - SEARCH NOT FOUND (ABORTING MOD): <script type="text/javascript" src="catalog/view/javascript/common.js"></script>

----------------------------------------------------------------------


---------- Date: 2014-03-06 10:03:50 ~ IP : 127.0.0.1 ----------
REQUEST URI : /index.php?route=information/unlocking
MOD DETAILS:
   modFile   : Z:\home\dev2.cellside.loc\www\vqmod/xml/vba image zoom.xml
   id        : VbA Image Zoom Mod
   version   : 1.0
   vqmver    : 2.1.5
   author    : VbA - http://TheHoster.net

File Name    : catalog/view/theme/*/template/common/header.tpl(0)
VQModObject::applyMod - SEARCH NOT FOUND (ABORTING MOD): <script type="text/javascript" src="catalog/view/javascript/common.js"></script>

----------------------------------------------------------------------


---------- Date: 2014-03-06 10:20:07 ~ IP : 127.0.0.1 ----------
REQUEST URI : /index.php?route=information/unlocking
MOD DETAILS:
   modFile   : Z:\home\dev2.cellside.loc\www\vqmod/xml/vba image zoom.xml
   id        : VbA Image Zoom Mod
   version   : 1.0
   vqmver    : 2.1.5
   author    : VbA - http://TheHoster.net

File Name    : catalog/view/theme/*/template/common/header.tpl(0)
VQModObject::applyMod - SEARCH NOT FOUND (ABORTING MOD): <script type="text/javascript" src="catalog/view/javascript/common.js"></script>

----------------------------------------------------------------------


---------- Date: 2014-03-06 10:25:29 ~ IP : 127.0.0.1 ----------
REQUEST URI : /index.php?route=information/unlocking
MOD DETAILS:
   modFile   : Z:\home\dev2.cellside.loc\www\vqmod/xml/vba image zoom.xml
   id        : VbA Image Zoom Mod
   version   : 1.0
   vqmver    : 2.1.5
   author    : VbA - http://TheHoster.net

File Name    : catalog/view/theme/*/template/common/header.tpl(0)
VQModObject::applyMod - SEARCH NOT FOUND (ABORTING MOD): <script type="text/javascript" src="catalog/view/javascript/common.js"></script>

----------------------------------------------------------------------


---------- Date: 2014-03-06 10:28:13 ~ IP : 127.0.0.1 ----------
REQUEST URI : /index.php?route=information/unlocking
MOD DETAILS:
   modFile   : Z:\home\dev2.cellside.loc\www\vqmod/xml/vba image zoom.xml
   id        : VbA Image Zoom Mod
   version   : 1.0
   vqmver    : 2.1.5
   author    : VbA - http://TheHoster.net

File Name    : catalog/view/theme/*/template/common/header.tpl(0)
VQModObject::applyMod - SEARCH NOT FOUND (ABORTING MOD): <script type="text/javascript" src="catalog/view/javascript/common.js"></script>

----------------------------------------------------------------------


---------- Date: 2014-03-06 10:29:09 ~ IP : 127.0.0.1 ----------
REQUEST URI : /index.php?route=information/unlocking
MOD DETAILS:
   modFile   : Z:\home\dev2.cellside.loc\www\vqmod/xml/vba image zoom.xml
   id        : VbA Image Zoom Mod
   version   : 1.0
   vqmver    : 2.1.5
   author    : VbA - http://TheHoster.net

File Name    : catalog/view/theme/*/template/common/header.tpl(0)
VQModObject::applyMod - SEARCH NOT FOUND (ABORTING MOD): <script type="text/javascript" src="catalog/view/javascript/common.js"></script>

----------------------------------------------------------------------


---------- Date: 2014-03-06 10:29:56 ~ IP : 127.0.0.1 ----------
REQUEST URI : /index.php?route=information/unlocking
MOD DETAILS:
   modFile   : Z:\home\dev2.cellside.loc\www\vqmod/xml/vba image zoom.xml
   id        : VbA Image Zoom Mod
   version   : 1.0
   vqmver    : 2.1.5
   author    : VbA - http://TheHoster.net

File Name    : catalog/view/theme/*/template/common/header.tpl(0)
VQModObject::applyMod - SEARCH NOT FOUND (ABORTING MOD): <script type="text/javascript" src="catalog/view/javascript/common.js"></script>

----------------------------------------------------------------------


---------- Date: 2014-03-06 10:31:38 ~ IP : 127.0.0.1 ----------
REQUEST URI : /index.php?route=information/unlocking
MOD DETAILS:
   modFile   : Z:\home\dev2.cellside.loc\www\vqmod/xml/vba image zoom.xml
   id        : VbA Image Zoom Mod
   version   : 1.0
   vqmver    : 2.1.5
   author    : VbA - http://TheHoster.net

File Name    : catalog/view/theme/*/template/common/header.tpl(0)
VQModObject::applyMod - SEARCH NOT FOUND (ABORTING MOD): <script type="text/javascript" src="catalog/view/javascript/common.js"></script>

----------------------------------------------------------------------


---------- Date: 2014-03-06 10:32:44 ~ IP : 127.0.0.1 ----------
REQUEST URI : /index.php?route=information/unlocking
MOD DETAILS:
   modFile   : Z:\home\dev2.cellside.loc\www\vqmod/xml/vba image zoom.xml
   id        : VbA Image Zoom Mod
   version   : 1.0
   vqmver    : 2.1.5
   author    : VbA - http://TheHoster.net

File Name    : catalog/view/theme/*/template/common/header.tpl(0)
VQModObject::applyMod - SEARCH NOT FOUND (ABORTING MOD): <script type="text/javascript" src="catalog/view/javascript/common.js"></script>

----------------------------------------------------------------------


---------- Date: 2014-03-06 10:52:23 ~ IP : 127.0.0.1 ----------
REQUEST URI : /index.php?route=information/unlocking
MOD DETAILS:
   modFile   : Z:\home\dev2.cellside.loc\www\vqmod/xml/vba image zoom.xml
   id        : VbA Image Zoom Mod
   version   : 1.0
   vqmver    : 2.1.5
   author    : VbA - http://TheHoster.net

File Name    : catalog/view/theme/*/template/common/header.tpl(0)
VQModObject::applyMod - SEARCH NOT FOUND (ABORTING MOD): <script type="text/javascript" src="catalog/view/javascript/common.js"></script>

----------------------------------------------------------------------


---------- Date: 2014-03-06 11:24:40 ~ IP : 127.0.0.1 ----------
REQUEST URI : /index.php?route=information/unlocking
MOD DETAILS:
   modFile   : Z:\home\dev2.cellside.loc\www\vqmod/xml/vba image zoom.xml
   id        : VbA Image Zoom Mod
   version   : 1.0
   vqmver    : 2.1.5
   author    : VbA - http://TheHoster.net

File Name    : catalog/view/theme/*/template/common/header.tpl(0)
VQModObject::applyMod - SEARCH NOT FOUND (ABORTING MOD): <script type="text/javascript" src="catalog/view/javascript/common.js"></script>

----------------------------------------------------------------------


---------- Date: 2014-03-06 11:27:10 ~ IP : 127.0.0.1 ----------
REQUEST URI : /index.php?route=information/unlocking
MOD DETAILS:
   modFile   : Z:\home\dev2.cellside.loc\www\vqmod/xml/vba image zoom.xml
   id        : VbA Image Zoom Mod
   version   : 1.0
   vqmver    : 2.1.5
   author    : VbA - http://TheHoster.net

File Name    : catalog/view/theme/*/template/common/header.tpl(0)
VQModObject::applyMod - SEARCH NOT FOUND (ABORTING MOD): <script type="text/javascript" src="catalog/view/javascript/common.js"></script>

----------------------------------------------------------------------


---------- Date: 2014-03-06 11:28:22 ~ IP : 127.0.0.1 ----------
REQUEST URI : /index.php?route=information/unlocking
MOD DETAILS:
   modFile   : Z:\home\dev2.cellside.loc\www\vqmod/xml/vba image zoom.xml
   id        : VbA Image Zoom Mod
   version   : 1.0
   vqmver    : 2.1.5
   author    : VbA - http://TheHoster.net

File Name    : catalog/view/theme/*/template/common/header.tpl(0)
VQModObject::applyMod - SEARCH NOT FOUND (ABORTING MOD): <script type="text/javascript" src="catalog/view/javascript/common.js"></script>

----------------------------------------------------------------------


---------- Date: 2014-03-06 11:35:41 ~ IP : 127.0.0.1 ----------
REQUEST URI : /index.php?route=information/unlocking
MOD DETAILS:
   modFile   : Z:\home\dev2.cellside.loc\www\vqmod/xml/vba image zoom.xml
   id        : VbA Image Zoom Mod
   version   : 1.0
   vqmver    : 2.1.5
   author    : VbA - http://TheHoster.net

File Name    : catalog/view/theme/*/template/common/header.tpl(0)
VQModObject::applyMod - SEARCH NOT FOUND (ABORTING MOD): <script type="text/javascript" src="catalog/view/javascript/common.js"></script>

----------------------------------------------------------------------


---------- Date: 2014-03-06 11:36:25 ~ IP : 127.0.0.1 ----------
REQUEST URI : /index.php?route=information/unlocking
MOD DETAILS:
   modFile   : Z:\home\dev2.cellside.loc\www\vqmod/xml/vba image zoom.xml
   id        : VbA Image Zoom Mod
   version   : 1.0
   vqmver    : 2.1.5
   author    : VbA - http://TheHoster.net

File Name    : catalog/view/theme/*/template/common/header.tpl(0)
VQModObject::applyMod - SEARCH NOT FOUND (ABORTING MOD): <script type="text/javascript" src="catalog/view/javascript/common.js"></script>

----------------------------------------------------------------------


---------- Date: 2014-03-06 11:51:25 ~ IP : 127.0.0.1 ----------
REQUEST URI : /index.php?route=information/unlocking
MOD DETAILS:
   modFile   : Z:\home\dev2.cellside.loc\www\vqmod/xml/vba image zoom.xml
   id        : VbA Image Zoom Mod
   version   : 1.0
   vqmver    : 2.1.5
   author    : VbA - http://TheHoster.net

File Name    : catalog/view/theme/*/template/common/header.tpl(0)
VQModObject::applyMod - SEARCH NOT FOUND (ABORTING MOD): <script type="text/javascript" src="catalog/view/javascript/common.js"></script>

----------------------------------------------------------------------


---------- Date: 2014-03-06 11:52:28 ~ IP : 127.0.0.1 ----------
REQUEST URI : /index.php?route=information/unlocking
MOD DETAILS:
   modFile   : Z:\home\dev2.cellside.loc\www\vqmod/xml/vba image zoom.xml
   id        : VbA Image Zoom Mod
   version   : 1.0
   vqmver    : 2.1.5
   author    : VbA - http://TheHoster.net

File Name    : catalog/view/theme/*/template/common/header.tpl(0)
VQModObject::applyMod - SEARCH NOT FOUND (ABORTING MOD): <script type="text/javascript" src="catalog/view/javascript/common.js"></script>

----------------------------------------------------------------------


---------- Date: 2014-03-06 12:00:24 ~ IP : 127.0.0.1 ----------
REQUEST URI : /index.php?route=information/unlocking
MOD DETAILS:
   modFile   : Z:\home\dev2.cellside.loc\www\vqmod/xml/vba image zoom.xml
   id        : VbA Image Zoom Mod
   version   : 1.0
   vqmver    : 2.1.5
   author    : VbA - http://TheHoster.net

File Name    : catalog/view/theme/*/template/common/header.tpl(0)
VQModObject::applyMod - SEARCH NOT FOUND (ABORTING MOD): <script type="text/javascript" src="catalog/view/javascript/common.js"></script>

----------------------------------------------------------------------


---------- Date: 2014-03-06 12:24:37 ~ IP : 127.0.0.1 ----------
REQUEST URI : /index.php?route=information/unlocking
MOD DETAILS:
   modFile   : Z:\home\dev2.cellside.loc\www\vqmod/xml/vba image zoom.xml
   id        : VbA Image Zoom Mod
   version   : 1.0
   vqmver    : 2.1.5
   author    : VbA - http://TheHoster.net

File Name    : catalog/view/theme/*/template/common/header.tpl(0)
VQModObject::applyMod - SEARCH NOT FOUND (ABORTING MOD): <script type="text/javascript" src="catalog/view/javascript/common.js"></script>

----------------------------------------------------------------------


---------- Date: 2014-03-06 12:52:25 ~ IP : 127.0.0.1 ----------
REQUEST URI : /index.php?route=information/unlocking
MOD DETAILS:
   modFile   : Z:\home\dev2.cellside.loc\www\vqmod/xml/vba image zoom.xml
   id        : VbA Image Zoom Mod
   version   : 1.0
   vqmver    : 2.1.5
   author    : VbA - http://TheHoster.net

File Name    : catalog/view/theme/*/template/common/header.tpl(0)
VQModObject::applyMod - SEARCH NOT FOUND (ABORTING MOD): <script type="text/javascript" src="catalog/view/javascript/common.js"></script>

----------------------------------------------------------------------


---------- Date: 2014-03-06 12:52:56 ~ IP : 127.0.0.1 ----------
REQUEST URI : /index.php?route=information/unlocking
MOD DETAILS:
   modFile   : Z:\home\dev2.cellside.loc\www\vqmod/xml/vba image zoom.xml
   id        : VbA Image Zoom Mod
   version   : 1.0
   vqmver    : 2.1.5
   author    : VbA - http://TheHoster.net

File Name    : catalog/view/theme/*/template/common/header.tpl(0)
VQModObject::applyMod - SEARCH NOT FOUND (ABORTING MOD): <script type="text/javascript" src="catalog/view/javascript/common.js"></script>

----------------------------------------------------------------------


---------- Date: 2014-03-06 13:25:34 ~ IP : 127.0.0.1 ----------
REQUEST URI : /index.php?route=information/unlocking
MOD DETAILS:
   modFile   : Z:\home\dev2.cellside.loc\www\vqmod/xml/vba image zoom.xml
   id        : VbA Image Zoom Mod
   version   : 1.0
   vqmver    : 2.1.5
   author    : VbA - http://TheHoster.net

File Name    : catalog/view/theme/*/template/common/header.tpl(0)
VQModObject::applyMod - SEARCH NOT FOUND (ABORTING MOD): <script type="text/javascript" src="catalog/view/javascript/common.js"></script>

----------------------------------------------------------------------


---------- Date: 2014-03-06 14:28:18 ~ IP : 127.0.0.1 ----------
REQUEST URI : /index.php?route=information/unlocking
MOD DETAILS:
   modFile   : Z:\home\dev2.cellside.loc\www\vqmod/xml/vba image zoom.xml
   id        : VbA Image Zoom Mod
   version   : 1.0
   vqmver    : 2.1.5
   author    : VbA - http://TheHoster.net

File Name    : catalog/view/theme/*/template/common/header.tpl(0)
VQModObject::applyMod - SEARCH NOT FOUND (ABORTING MOD): <script type="text/javascript" src="catalog/view/javascript/common.js"></script>

----------------------------------------------------------------------


---------- Date: 2014-03-06 14:48:43 ~ IP : 127.0.0.1 ----------
REQUEST URI : /index.php?route=information/unlocking
MOD DETAILS:
   modFile   : Z:\home\dev2.cellside.loc\www\vqmod/xml/vba image zoom.xml
   id        : VbA Image Zoom Mod
   version   : 1.0
   vqmver    : 2.1.5
   author    : VbA - http://TheHoster.net

File Name    : catalog/view/theme/*/template/common/header.tpl(0)
VQModObject::applyMod - SEARCH NOT FOUND (ABORTING MOD): <script type="text/javascript" src="catalog/view/javascript/common.js"></script>

----------------------------------------------------------------------


---------- Date: 2014-03-06 14:48:57 ~ IP : 127.0.0.1 ----------
REQUEST URI : /index.php?route=information/unlocking
MOD DETAILS:
   modFile   : Z:\home\dev2.cellside.loc\www\vqmod/xml/vba image zoom.xml
   id        : VbA Image Zoom Mod
   version   : 1.0
   vqmver    : 2.1.5
   author    : VbA - http://TheHoster.net

File Name    : catalog/view/theme/*/template/common/header.tpl(0)
VQModObject::applyMod - SEARCH NOT FOUND (ABORTING MOD): <script type="text/javascript" src="catalog/view/javascript/common.js"></script>

----------------------------------------------------------------------


