---------- Date: 2014-02-08 11:13:35 ~ IP : 127.0.0.1 ----------
REQUEST URI : /
MOD DETAILS:
   modFile   : Z:\home\dev2.cellside.loc\www\vqmod/xml/vba image zoom.xml
   id        : VbA Image Zoom Mod
   version   : 1.0
   vqmver    : 2.1.5
   author    : VbA - http://TheHoster.net

File Name    : catalog/view/theme/*/template/common/header.tpl(0)
VQModObject::applyMod - SEARCH NOT FOUND (ABORTING MOD): <script type="text/javascript" src="catalog/view/javascript/common.js"></script>

----------------------------------------------------------------------


---------- Date: 2014-02-08 11:27:13 ~ IP : 127.0.0.1 ----------
REQUEST URI : /admin/
MOD DETAILS:
   modFile   : Z:\home\dev2.cellside.loc\www\vqmod/xml/vqmod_richsnippets_product.xml
   id        : Add Product GR Rich Snippets to opencart
   version   : 1.4
   vqmver    : 2.1.7
   author    : TransPacific Software

File Name    : admin/language/english/english.php(0)
VQModObject::applyMod - SEARCH NOT FOUND (ABORTING MOD): $_['tab_design']              = 'Design';
----------------------------------------------------------------------


---------- Date: 2014-02-08 11:27:24 ~ IP : 127.0.0.1 ----------
REQUEST URI : /admin/index.php?route=common/login
MOD DETAILS:
   modFile   : Z:\home\dev2.cellside.loc\www\vqmod/xml/vqmod_richsnippets_product.xml
   id        : Add Product GR Rich Snippets to opencart
   version   : 1.4
   vqmver    : 2.1.7
   author    : TransPacific Software

File Name    : admin/language/english/english.php(0)
VQModObject::applyMod - SEARCH NOT FOUND (ABORTING MOD): $_['tab_design']              = 'Design';
----------------------------------------------------------------------


---------- Date: 2014-02-08 11:27:27 ~ IP : 127.0.0.1 ----------
REQUEST URI : /admin/index.php?route=common/home&amp;token=5f03ac2dd9b6e28024f4277bf836064c
MOD DETAILS:
   modFile   : Z:\home\dev2.cellside.loc\www\vqmod/xml/vqmod_richsnippets_product.xml
   id        : Add Product GR Rich Snippets to opencart
   version   : 1.4
   vqmver    : 2.1.7
   author    : TransPacific Software

File Name    : admin/language/english/english.php(0)
VQModObject::applyMod - SEARCH NOT FOUND (ABORTING MOD): $_['tab_design']              = 'Design';
----------------------------------------------------------------------


---------- Date: 2014-02-08 11:27:29 ~ IP : 127.0.0.1 ----------
REQUEST URI : /admin/index.php?route=common/home/chart&amp;token=5f03ac2dd9b6e28024f4277bf836064c&amp;range=day
MOD DETAILS:
   modFile   : Z:\home\dev2.cellside.loc\www\vqmod/xml/vqmod_richsnippets_product.xml
   id        : Add Product GR Rich Snippets to opencart
   version   : 1.4
   vqmver    : 2.1.7
   author    : TransPacific Software

File Name    : admin/language/english/english.php(0)
VQModObject::applyMod - SEARCH NOT FOUND (ABORTING MOD): $_['tab_design']              = 'Design';
----------------------------------------------------------------------


---------- Date: 2014-02-08 11:27:46 ~ IP : 127.0.0.1 ----------
REQUEST URI : /admin/index.php?route=setting/store&amp;token=5f03ac2dd9b6e28024f4277bf836064c
MOD DETAILS:
   modFile   : Z:\home\dev2.cellside.loc\www\vqmod/xml/vqmod_richsnippets_product.xml
   id        : Add Product GR Rich Snippets to opencart
   version   : 1.4
   vqmver    : 2.1.7
   author    : TransPacific Software

File Name    : admin/language/english/english.php(0)
VQModObject::applyMod - SEARCH NOT FOUND (ABORTING MOD): $_['tab_design']              = 'Design';
----------------------------------------------------------------------


---------- Date: 2014-02-08 11:27:51 ~ IP : 127.0.0.1 ----------
REQUEST URI : /admin/index.php?route=setting/setting&amp;token=5f03ac2dd9b6e28024f4277bf836064c
MOD DETAILS:
   modFile   : Z:\home\dev2.cellside.loc\www\vqmod/xml/vqmod_richsnippets_product.xml
   id        : Add Product GR Rich Snippets to opencart
   version   : 1.4
   vqmver    : 2.1.7
   author    : TransPacific Software

File Name    : admin/language/english/english.php(0)
VQModObject::applyMod - SEARCH NOT FOUND (ABORTING MOD): $_['tab_design']              = 'Design';
----------------------------------------------------------------------


---------- Date: 2014-02-08 11:27:53 ~ IP : 127.0.0.1 ----------
REQUEST URI : /admin/index.php?route=setting/setting/template&amp;token=5f03ac2dd9b6e28024f4277bf836064c&amp;template=lexus_happycook
MOD DETAILS:
   modFile   : Z:\home\dev2.cellside.loc\www\vqmod/xml/vqmod_richsnippets_product.xml
   id        : Add Product GR Rich Snippets to opencart
   version   : 1.4
   vqmver    : 2.1.7
   author    : TransPacific Software

File Name    : admin/language/english/english.php(0)
VQModObject::applyMod - SEARCH NOT FOUND (ABORTING MOD): $_['tab_design']              = 'Design';
----------------------------------------------------------------------


---------- Date: 2014-02-08 11:27:53 ~ IP : 127.0.0.1 ----------
REQUEST URI : /admin/index.php?route=setting/setting/country&amp;token=5f03ac2dd9b6e28024f4277bf836064c&amp;country_id=38
MOD DETAILS:
   modFile   : Z:\home\dev2.cellside.loc\www\vqmod/xml/vqmod_richsnippets_product.xml
   id        : Add Product GR Rich Snippets to opencart
   version   : 1.4
   vqmver    : 2.1.7
   author    : TransPacific Software

File Name    : admin/language/english/english.php(0)
VQModObject::applyMod - SEARCH NOT FOUND (ABORTING MOD): $_['tab_design']              = 'Design';
----------------------------------------------------------------------


---------- Date: 2014-02-08 11:28:04 ~ IP : 127.0.0.1 ----------
REQUEST URI : /admin/index.php?route=setting/setting/template&amp;token=5f03ac2dd9b6e28024f4277bf836064c&amp;template=cellside
MOD DETAILS:
   modFile   : Z:\home\dev2.cellside.loc\www\vqmod/xml/vqmod_richsnippets_product.xml
   id        : Add Product GR Rich Snippets to opencart
   version   : 1.4
   vqmver    : 2.1.7
   author    : TransPacific Software

File Name    : admin/language/english/english.php(0)
VQModObject::applyMod - SEARCH NOT FOUND (ABORTING MOD): $_['tab_design']              = 'Design';
----------------------------------------------------------------------


---------- Date: 2014-02-08 11:28:06 ~ IP : 127.0.0.1 ----------
REQUEST URI : /admin/index.php?route=setting/setting&amp;token=5f03ac2dd9b6e28024f4277bf836064c
MOD DETAILS:
   modFile   : Z:\home\dev2.cellside.loc\www\vqmod/xml/vqmod_richsnippets_product.xml
   id        : Add Product GR Rich Snippets to opencart
   version   : 1.4
   vqmver    : 2.1.7
   author    : TransPacific Software

File Name    : admin/language/english/english.php(0)
VQModObject::applyMod - SEARCH NOT FOUND (ABORTING MOD): $_['tab_design']              = 'Design';
----------------------------------------------------------------------


---------- Date: 2014-02-08 11:28:08 ~ IP : 127.0.0.1 ----------
REQUEST URI : /admin/index.php?route=setting/store&amp;token=5f03ac2dd9b6e28024f4277bf836064c
MOD DETAILS:
   modFile   : Z:\home\dev2.cellside.loc\www\vqmod/xml/vqmod_richsnippets_product.xml
   id        : Add Product GR Rich Snippets to opencart
   version   : 1.4
   vqmver    : 2.1.7
   author    : TransPacific Software

File Name    : admin/language/english/english.php(0)
VQModObject::applyMod - SEARCH NOT FOUND (ABORTING MOD): $_['tab_design']              = 'Design';
----------------------------------------------------------------------


---------- Date: 2014-02-08 11:28:20 ~ IP : 127.0.0.1 ----------
REQUEST URI : /
MOD DETAILS:
   modFile   : Z:\home\dev2.cellside.loc\www\vqmod/xml/vba image zoom.xml
   id        : VbA Image Zoom Mod
   version   : 1.0
   vqmver    : 2.1.5
   author    : VbA - http://TheHoster.net

File Name    : catalog/view/theme/*/template/common/header.tpl(0)
VQModObject::applyMod - SEARCH NOT FOUND (ABORTING MOD): <script type="text/javascript" src="catalog/view/javascript/common.js"></script>

----------------------------------------------------------------------


---------- Date: 2014-02-08 11:28:28 ~ IP : 127.0.0.1 ----------
REQUEST URI : /
MOD DETAILS:
   modFile   : Z:\home\dev2.cellside.loc\www\vqmod/xml/vba image zoom.xml
   id        : VbA Image Zoom Mod
   version   : 1.0
   vqmver    : 2.1.5
   author    : VbA - http://TheHoster.net

File Name    : catalog/view/theme/*/template/common/header.tpl(0)
VQModObject::applyMod - SEARCH NOT FOUND (ABORTING MOD): <script type="text/javascript" src="catalog/view/javascript/common.js"></script>

----------------------------------------------------------------------


---------- Date: 2014-02-08 11:33:09 ~ IP : 127.0.0.1 ----------
REQUEST URI : /
MOD DETAILS:
   modFile   : Z:\home\dev2.cellside.loc\www\vqmod/xml/vba image zoom.xml
   id        : VbA Image Zoom Mod
   version   : 1.0
   vqmver    : 2.1.5
   author    : VbA - http://TheHoster.net

File Name    : catalog/view/theme/*/template/common/header.tpl(0)
VQModObject::applyMod - SEARCH NOT FOUND (ABORTING MOD): <script type="text/javascript" src="catalog/view/javascript/common.js"></script>

----------------------------------------------------------------------


---------- Date: 2014-02-08 11:33:14 ~ IP : 127.0.0.1 ----------
REQUEST URI : /admin/index.php?route=setting/setting&amp;token=5f03ac2dd9b6e28024f4277bf836064c
MOD DETAILS:
   modFile   : Z:\home\dev2.cellside.loc\www\vqmod/xml/vqmod_richsnippets_product.xml
   id        : Add Product GR Rich Snippets to opencart
   version   : 1.4
   vqmver    : 2.1.7
   author    : TransPacific Software

File Name    : admin/language/english/english.php(0)
VQModObject::applyMod - SEARCH NOT FOUND (ABORTING MOD): $_['tab_design']              = 'Design';
----------------------------------------------------------------------


---------- Date: 2014-02-08 11:33:16 ~ IP : 127.0.0.1 ----------
REQUEST URI : /admin/index.php?route=setting/setting/country&amp;token=5f03ac2dd9b6e28024f4277bf836064c&amp;country_id=38
MOD DETAILS:
   modFile   : Z:\home\dev2.cellside.loc\www\vqmod/xml/vqmod_richsnippets_product.xml
   id        : Add Product GR Rich Snippets to opencart
   version   : 1.4
   vqmver    : 2.1.7
   author    : TransPacific Software

File Name    : admin/language/english/english.php(0)
VQModObject::applyMod - SEARCH NOT FOUND (ABORTING MOD): $_['tab_design']              = 'Design';
----------------------------------------------------------------------


---------- Date: 2014-02-08 11:33:16 ~ IP : 127.0.0.1 ----------
REQUEST URI : /admin/index.php?route=setting/setting/template&amp;token=5f03ac2dd9b6e28024f4277bf836064c&amp;template=cellside
MOD DETAILS:
   modFile   : Z:\home\dev2.cellside.loc\www\vqmod/xml/vqmod_richsnippets_product.xml
   id        : Add Product GR Rich Snippets to opencart
   version   : 1.4
   vqmver    : 2.1.7
   author    : TransPacific Software

File Name    : admin/language/english/english.php(0)
VQModObject::applyMod - SEARCH NOT FOUND (ABORTING MOD): $_['tab_design']              = 'Design';
----------------------------------------------------------------------


---------- Date: 2014-02-08 11:33:26 ~ IP : 127.0.0.1 ----------
REQUEST URI : /admin/index.php?route=setting/setting/template&amp;token=5f03ac2dd9b6e28024f4277bf836064c&amp;template=lexus_happycook
MOD DETAILS:
   modFile   : Z:\home\dev2.cellside.loc\www\vqmod/xml/vqmod_richsnippets_product.xml
   id        : Add Product GR Rich Snippets to opencart
   version   : 1.4
   vqmver    : 2.1.7
   author    : TransPacific Software

File Name    : admin/language/english/english.php(0)
VQModObject::applyMod - SEARCH NOT FOUND (ABORTING MOD): $_['tab_design']              = 'Design';
----------------------------------------------------------------------


---------- Date: 2014-02-08 11:35:07 ~ IP : 127.0.0.1 ----------
REQUEST URI : /admin/index.php?route=setting/setting&amp;token=5f03ac2dd9b6e28024f4277bf836064c
MOD DETAILS:
   modFile   : Z:\home\dev2.cellside.loc\www\vqmod/xml/vqmod_richsnippets_product.xml
   id        : Add Product GR Rich Snippets to opencart
   version   : 1.4
   vqmver    : 2.1.7
   author    : TransPacific Software

File Name    : admin/language/english/english.php(0)
VQModObject::applyMod - SEARCH NOT FOUND (ABORTING MOD): $_['tab_design']              = 'Design';
----------------------------------------------------------------------


---------- Date: 2014-02-08 11:35:09 ~ IP : 127.0.0.1 ----------
REQUEST URI : /admin/index.php?route=setting/setting/template&amp;token=5f03ac2dd9b6e28024f4277bf836064c&amp;template=default
MOD DETAILS:
   modFile   : Z:\home\dev2.cellside.loc\www\vqmod/xml/vqmod_richsnippets_product.xml
   id        : Add Product GR Rich Snippets to opencart
   version   : 1.4
   vqmver    : 2.1.7
   author    : TransPacific Software

File Name    : admin/language/english/english.php(0)
VQModObject::applyMod - SEARCH NOT FOUND (ABORTING MOD): $_['tab_design']              = 'Design';
----------------------------------------------------------------------


---------- Date: 2014-02-08 11:35:09 ~ IP : 127.0.0.1 ----------
REQUEST URI : /admin/index.php?route=setting/setting/country&amp;token=5f03ac2dd9b6e28024f4277bf836064c&amp;country_id=38
MOD DETAILS:
   modFile   : Z:\home\dev2.cellside.loc\www\vqmod/xml/vqmod_richsnippets_product.xml
   id        : Add Product GR Rich Snippets to opencart
   version   : 1.4
   vqmver    : 2.1.7
   author    : TransPacific Software

File Name    : admin/language/english/english.php(0)
VQModObject::applyMod - SEARCH NOT FOUND (ABORTING MOD): $_['tab_design']              = 'Design';
----------------------------------------------------------------------


---------- Date: 2014-02-08 11:35:14 ~ IP : 127.0.0.1 ----------
REQUEST URI : /admin/index.php?route=setting/setting/template&amp;token=5f03ac2dd9b6e28024f4277bf836064c&amp;template=lexus_happycook_v2
MOD DETAILS:
   modFile   : Z:\home\dev2.cellside.loc\www\vqmod/xml/vqmod_richsnippets_product.xml
   id        : Add Product GR Rich Snippets to opencart
   version   : 1.4
   vqmver    : 2.1.7
   author    : TransPacific Software

File Name    : admin/language/english/english.php(0)
VQModObject::applyMod - SEARCH NOT FOUND (ABORTING MOD): $_['tab_design']              = 'Design';
----------------------------------------------------------------------


---------- Date: 2014-02-08 11:35:16 ~ IP : 127.0.0.1 ----------
REQUEST URI : /admin/index.php?route=setting/setting&amp;token=5f03ac2dd9b6e28024f4277bf836064c
MOD DETAILS:
   modFile   : Z:\home\dev2.cellside.loc\www\vqmod/xml/vqmod_richsnippets_product.xml
   id        : Add Product GR Rich Snippets to opencart
   version   : 1.4
   vqmver    : 2.1.7
   author    : TransPacific Software

File Name    : admin/language/english/english.php(0)
VQModObject::applyMod - SEARCH NOT FOUND (ABORTING MOD): $_['tab_design']              = 'Design';
----------------------------------------------------------------------


---------- Date: 2014-02-08 11:35:18 ~ IP : 127.0.0.1 ----------
REQUEST URI : /admin/index.php?route=setting/store&amp;token=5f03ac2dd9b6e28024f4277bf836064c
MOD DETAILS:
   modFile   : Z:\home\dev2.cellside.loc\www\vqmod/xml/vqmod_richsnippets_product.xml
   id        : Add Product GR Rich Snippets to opencart
   version   : 1.4
   vqmver    : 2.1.7
   author    : TransPacific Software

File Name    : admin/language/english/english.php(0)
VQModObject::applyMod - SEARCH NOT FOUND (ABORTING MOD): $_['tab_design']              = 'Design';
----------------------------------------------------------------------


---------- Date: 2014-02-08 11:35:26 ~ IP : 127.0.0.1 ----------
REQUEST URI : /
MOD DETAILS:
   modFile   : Z:\home\dev2.cellside.loc\www\vqmod/xml/vba image zoom.xml
   id        : VbA Image Zoom Mod
   version   : 1.0
   vqmver    : 2.1.5
   author    : VbA - http://TheHoster.net

File Name    : catalog/view/theme/*/template/common/header.tpl(0)
VQModObject::applyMod - SEARCH NOT FOUND (ABORTING MOD): <script type="text/javascript" src="catalog/view/javascript/common.js"></script>

----------------------------------------------------------------------


---------- Date: 2014-02-08 11:47:06 ~ IP : 127.0.0.1 ----------
REQUEST URI : /
MOD DETAILS:
   modFile   : Z:\home\dev2.cellside.loc\www\vqmod/xml/vba image zoom.xml
   id        : VbA Image Zoom Mod
   version   : 1.0
   vqmver    : 2.1.5
   author    : VbA - http://TheHoster.net

File Name    : catalog/view/theme/*/template/common/header.tpl(0)
VQModObject::applyMod - SEARCH NOT FOUND (ABORTING MOD): <script type="text/javascript" src="catalog/view/javascript/common.js"></script>

----------------------------------------------------------------------


---------- Date: 2014-02-08 11:49:59 ~ IP : 127.0.0.1 ----------
REQUEST URI : /
MOD DETAILS:
   modFile   : Z:\home\dev2.cellside.loc\www\vqmod/xml/vba image zoom.xml
   id        : VbA Image Zoom Mod
   version   : 1.0
   vqmver    : 2.1.5
   author    : VbA - http://TheHoster.net

File Name    : catalog/view/theme/*/template/common/header.tpl(0)
VQModObject::applyMod - SEARCH NOT FOUND (ABORTING MOD): <script type="text/javascript" src="catalog/view/javascript/common.js"></script>

----------------------------------------------------------------------


---------- Date: 2014-02-08 11:52:34 ~ IP : 127.0.0.1 ----------
REQUEST URI : /
MOD DETAILS:
   modFile   : Z:\home\dev2.cellside.loc\www\vqmod/xml/vba image zoom.xml
   id        : VbA Image Zoom Mod
   version   : 1.0
   vqmver    : 2.1.5
   author    : VbA - http://TheHoster.net

File Name    : catalog/view/theme/*/template/common/header.tpl(0)
VQModObject::applyMod - SEARCH NOT FOUND (ABORTING MOD): <script type="text/javascript" src="catalog/view/javascript/common.js"></script>

----------------------------------------------------------------------


---------- Date: 2014-02-08 12:08:58 ~ IP : 127.0.0.1 ----------
REQUEST URI : /
MOD DETAILS:
   modFile   : Z:\home\dev2.cellside.loc\www\vqmod/xml/vba image zoom.xml
   id        : VbA Image Zoom Mod
   version   : 1.0
   vqmver    : 2.1.5
   author    : VbA - http://TheHoster.net

File Name    : catalog/view/theme/*/template/common/header.tpl(0)
VQModObject::applyMod - SEARCH NOT FOUND (ABORTING MOD): <script type="text/javascript" src="catalog/view/javascript/common.js"></script>

----------------------------------------------------------------------


---------- Date: 2014-02-08 12:13:56 ~ IP : 127.0.0.1 ----------
REQUEST URI : /
MOD DETAILS:
   modFile   : Z:\home\dev2.cellside.loc\www\vqmod/xml/vba image zoom.xml
   id        : VbA Image Zoom Mod
   version   : 1.0
   vqmver    : 2.1.5
   author    : VbA - http://TheHoster.net

File Name    : catalog/view/theme/*/template/common/header.tpl(0)
VQModObject::applyMod - SEARCH NOT FOUND (ABORTING MOD): <script type="text/javascript" src="catalog/view/javascript/common.js"></script>

----------------------------------------------------------------------


---------- Date: 2014-02-08 12:21:12 ~ IP : 127.0.0.1 ----------
REQUEST URI : /
MOD DETAILS:
   modFile   : Z:\home\dev2.cellside.loc\www\vqmod/xml/vba image zoom.xml
   id        : VbA Image Zoom Mod
   version   : 1.0
   vqmver    : 2.1.5
   author    : VbA - http://TheHoster.net

File Name    : catalog/view/theme/*/template/common/header.tpl(0)
VQModObject::applyMod - SEARCH NOT FOUND (ABORTING MOD): <script type="text/javascript" src="catalog/view/javascript/common.js"></script>

----------------------------------------------------------------------


---------- Date: 2014-02-08 12:23:59 ~ IP : 127.0.0.1 ----------
REQUEST URI : /
MOD DETAILS:
   modFile   : Z:\home\dev2.cellside.loc\www\vqmod/xml/vba image zoom.xml
   id        : VbA Image Zoom Mod
   version   : 1.0
   vqmver    : 2.1.5
   author    : VbA - http://TheHoster.net

File Name    : catalog/view/theme/*/template/common/header.tpl(0)
VQModObject::applyMod - SEARCH NOT FOUND (ABORTING MOD): <script type="text/javascript" src="catalog/view/javascript/common.js"></script>

----------------------------------------------------------------------


---------- Date: 2014-02-08 12:25:39 ~ IP : 127.0.0.1 ----------
REQUEST URI : /
MOD DETAILS:
   modFile   : Z:\home\dev2.cellside.loc\www\vqmod/xml/vba image zoom.xml
   id        : VbA Image Zoom Mod
   version   : 1.0
   vqmver    : 2.1.5
   author    : VbA - http://TheHoster.net

File Name    : catalog/view/theme/*/template/common/header.tpl(0)
VQModObject::applyMod - SEARCH NOT FOUND (ABORTING MOD): <script type="text/javascript" src="catalog/view/javascript/common.js"></script>

----------------------------------------------------------------------


---------- Date: 2014-02-08 12:29:45 ~ IP : 127.0.0.1 ----------
REQUEST URI : /
MOD DETAILS:
   modFile   : Z:\home\dev2.cellside.loc\www\vqmod/xml/vba image zoom.xml
   id        : VbA Image Zoom Mod
   version   : 1.0
   vqmver    : 2.1.5
   author    : VbA - http://TheHoster.net

File Name    : catalog/view/theme/*/template/common/header.tpl(0)
VQModObject::applyMod - SEARCH NOT FOUND (ABORTING MOD): <script type="text/javascript" src="catalog/view/javascript/common.js"></script>

----------------------------------------------------------------------


---------- Date: 2014-02-08 12:32:44 ~ IP : 127.0.0.1 ----------
REQUEST URI : /
MOD DETAILS:
   modFile   : Z:\home\dev2.cellside.loc\www\vqmod/xml/vba image zoom.xml
   id        : VbA Image Zoom Mod
   version   : 1.0
   vqmver    : 2.1.5
   author    : VbA - http://TheHoster.net

File Name    : catalog/view/theme/*/template/common/header.tpl(0)
VQModObject::applyMod - SEARCH NOT FOUND (ABORTING MOD): <script type="text/javascript" src="catalog/view/javascript/common.js"></script>

----------------------------------------------------------------------


---------- Date: 2014-02-08 12:34:30 ~ IP : 127.0.0.1 ----------
REQUEST URI : /
MOD DETAILS:
   modFile   : Z:\home\dev2.cellside.loc\www\vqmod/xml/vba image zoom.xml
   id        : VbA Image Zoom Mod
   version   : 1.0
   vqmver    : 2.1.5
   author    : VbA - http://TheHoster.net

File Name    : catalog/view/theme/*/template/common/header.tpl(0)
VQModObject::applyMod - SEARCH NOT FOUND (ABORTING MOD): <script type="text/javascript" src="catalog/view/javascript/common.js"></script>

----------------------------------------------------------------------


---------- Date: 2014-02-08 12:39:45 ~ IP : 127.0.0.1 ----------
REQUEST URI : /
MOD DETAILS:
   modFile   : Z:\home\dev2.cellside.loc\www\vqmod/xml/vba image zoom.xml
   id        : VbA Image Zoom Mod
   version   : 1.0
   vqmver    : 2.1.5
   author    : VbA - http://TheHoster.net

File Name    : catalog/view/theme/*/template/common/header.tpl(0)
VQModObject::applyMod - SEARCH NOT FOUND (ABORTING MOD): <script type="text/javascript" src="catalog/view/javascript/common.js"></script>

----------------------------------------------------------------------


---------- Date: 2014-02-08 12:41:08 ~ IP : 127.0.0.1 ----------
REQUEST URI : /
MOD DETAILS:
   modFile   : Z:\home\dev2.cellside.loc\www\vqmod/xml/vba image zoom.xml
   id        : VbA Image Zoom Mod
   version   : 1.0
   vqmver    : 2.1.5
   author    : VbA - http://TheHoster.net

File Name    : catalog/view/theme/*/template/common/header.tpl(0)
VQModObject::applyMod - SEARCH NOT FOUND (ABORTING MOD): <script type="text/javascript" src="catalog/view/javascript/common.js"></script>

----------------------------------------------------------------------


---------- Date: 2014-02-08 12:41:57 ~ IP : 127.0.0.1 ----------
REQUEST URI : /
MOD DETAILS:
   modFile   : Z:\home\dev2.cellside.loc\www\vqmod/xml/vba image zoom.xml
   id        : VbA Image Zoom Mod
   version   : 1.0
   vqmver    : 2.1.5
   author    : VbA - http://TheHoster.net

File Name    : catalog/view/theme/*/template/common/header.tpl(0)
VQModObject::applyMod - SEARCH NOT FOUND (ABORTING MOD): <script type="text/javascript" src="catalog/view/javascript/common.js"></script>

----------------------------------------------------------------------


---------- Date: 2014-02-08 12:43:59 ~ IP : 127.0.0.1 ----------
REQUEST URI : /
MOD DETAILS:
   modFile   : Z:\home\dev2.cellside.loc\www\vqmod/xml/vba image zoom.xml
   id        : VbA Image Zoom Mod
   version   : 1.0
   vqmver    : 2.1.5
   author    : VbA - http://TheHoster.net

File Name    : catalog/view/theme/*/template/common/header.tpl(0)
VQModObject::applyMod - SEARCH NOT FOUND (ABORTING MOD): <script type="text/javascript" src="catalog/view/javascript/common.js"></script>

----------------------------------------------------------------------


---------- Date: 2014-02-08 12:45:54 ~ IP : 127.0.0.1 ----------
REQUEST URI : /
MOD DETAILS:
   modFile   : Z:\home\dev2.cellside.loc\www\vqmod/xml/vba image zoom.xml
   id        : VbA Image Zoom Mod
   version   : 1.0
   vqmver    : 2.1.5
   author    : VbA - http://TheHoster.net

File Name    : catalog/view/theme/*/template/common/header.tpl(0)
VQModObject::applyMod - SEARCH NOT FOUND (ABORTING MOD): <script type="text/javascript" src="catalog/view/javascript/common.js"></script>

----------------------------------------------------------------------


---------- Date: 2014-02-08 12:47:33 ~ IP : 127.0.0.1 ----------
REQUEST URI : /
MOD DETAILS:
   modFile   : Z:\home\dev2.cellside.loc\www\vqmod/xml/vba image zoom.xml
   id        : VbA Image Zoom Mod
   version   : 1.0
   vqmver    : 2.1.5
   author    : VbA - http://TheHoster.net

File Name    : catalog/view/theme/*/template/common/header.tpl(0)
VQModObject::applyMod - SEARCH NOT FOUND (ABORTING MOD): <script type="text/javascript" src="catalog/view/javascript/common.js"></script>

----------------------------------------------------------------------


---------- Date: 2014-02-08 12:48:56 ~ IP : 127.0.0.1 ----------
REQUEST URI : /
MOD DETAILS:
   modFile   : Z:\home\dev2.cellside.loc\www\vqmod/xml/vba image zoom.xml
   id        : VbA Image Zoom Mod
   version   : 1.0
   vqmver    : 2.1.5
   author    : VbA - http://TheHoster.net

File Name    : catalog/view/theme/*/template/common/header.tpl(0)
VQModObject::applyMod - SEARCH NOT FOUND (ABORTING MOD): <script type="text/javascript" src="catalog/view/javascript/common.js"></script>

----------------------------------------------------------------------


---------- Date: 2014-02-08 12:49:58 ~ IP : 127.0.0.1 ----------
REQUEST URI : /
MOD DETAILS:
   modFile   : Z:\home\dev2.cellside.loc\www\vqmod/xml/vba image zoom.xml
   id        : VbA Image Zoom Mod
   version   : 1.0
   vqmver    : 2.1.5
   author    : VbA - http://TheHoster.net

File Name    : catalog/view/theme/*/template/common/header.tpl(0)
VQModObject::applyMod - SEARCH NOT FOUND (ABORTING MOD): <script type="text/javascript" src="catalog/view/javascript/common.js"></script>

----------------------------------------------------------------------


---------- Date: 2014-02-08 12:50:24 ~ IP : 127.0.0.1 ----------
REQUEST URI : /
MOD DETAILS:
   modFile   : Z:\home\dev2.cellside.loc\www\vqmod/xml/vba image zoom.xml
   id        : VbA Image Zoom Mod
   version   : 1.0
   vqmver    : 2.1.5
   author    : VbA - http://TheHoster.net

File Name    : catalog/view/theme/*/template/common/header.tpl(0)
VQModObject::applyMod - SEARCH NOT FOUND (ABORTING MOD): <script type="text/javascript" src="catalog/view/javascript/common.js"></script>

----------------------------------------------------------------------


---------- Date: 2014-02-08 12:51:00 ~ IP : 127.0.0.1 ----------
REQUEST URI : /
MOD DETAILS:
   modFile   : Z:\home\dev2.cellside.loc\www\vqmod/xml/vba image zoom.xml
   id        : VbA Image Zoom Mod
   version   : 1.0
   vqmver    : 2.1.5
   author    : VbA - http://TheHoster.net

File Name    : catalog/view/theme/*/template/common/header.tpl(0)
VQModObject::applyMod - SEARCH NOT FOUND (ABORTING MOD): <script type="text/javascript" src="catalog/view/javascript/common.js"></script>

----------------------------------------------------------------------


---------- Date: 2014-02-08 12:51:23 ~ IP : 127.0.0.1 ----------
REQUEST URI : /
MOD DETAILS:
   modFile   : Z:\home\dev2.cellside.loc\www\vqmod/xml/vba image zoom.xml
   id        : VbA Image Zoom Mod
   version   : 1.0
   vqmver    : 2.1.5
   author    : VbA - http://TheHoster.net

File Name    : catalog/view/theme/*/template/common/header.tpl(0)
VQModObject::applyMod - SEARCH NOT FOUND (ABORTING MOD): <script type="text/javascript" src="catalog/view/javascript/common.js"></script>

----------------------------------------------------------------------


---------- Date: 2014-02-08 12:52:19 ~ IP : 127.0.0.1 ----------
REQUEST URI : /
MOD DETAILS:
   modFile   : Z:\home\dev2.cellside.loc\www\vqmod/xml/vba image zoom.xml
   id        : VbA Image Zoom Mod
   version   : 1.0
   vqmver    : 2.1.5
   author    : VbA - http://TheHoster.net

File Name    : catalog/view/theme/*/template/common/header.tpl(0)
VQModObject::applyMod - SEARCH NOT FOUND (ABORTING MOD): <script type="text/javascript" src="catalog/view/javascript/common.js"></script>

----------------------------------------------------------------------


---------- Date: 2014-02-08 12:56:24 ~ IP : 127.0.0.1 ----------
REQUEST URI : /
MOD DETAILS:
   modFile   : Z:\home\dev2.cellside.loc\www\vqmod/xml/vba image zoom.xml
   id        : VbA Image Zoom Mod
   version   : 1.0
   vqmver    : 2.1.5
   author    : VbA - http://TheHoster.net

File Name    : catalog/view/theme/*/template/common/header.tpl(0)
VQModObject::applyMod - SEARCH NOT FOUND (ABORTING MOD): <script type="text/javascript" src="catalog/view/javascript/common.js"></script>

----------------------------------------------------------------------


---------- Date: 2014-02-08 12:59:59 ~ IP : 127.0.0.1 ----------
REQUEST URI : /
MOD DETAILS:
   modFile   : Z:\home\dev2.cellside.loc\www\vqmod/xml/vba image zoom.xml
   id        : VbA Image Zoom Mod
   version   : 1.0
   vqmver    : 2.1.5
   author    : VbA - http://TheHoster.net

File Name    : catalog/view/theme/*/template/common/header.tpl(0)
VQModObject::applyMod - SEARCH NOT FOUND (ABORTING MOD): <script type="text/javascript" src="catalog/view/javascript/common.js"></script>

----------------------------------------------------------------------


---------- Date: 2014-02-08 13:04:08 ~ IP : 127.0.0.1 ----------
REQUEST URI : /
MOD DETAILS:
   modFile   : Z:\home\dev2.cellside.loc\www\vqmod/xml/vba image zoom.xml
   id        : VbA Image Zoom Mod
   version   : 1.0
   vqmver    : 2.1.5
   author    : VbA - http://TheHoster.net

File Name    : catalog/view/theme/*/template/common/header.tpl(0)
VQModObject::applyMod - SEARCH NOT FOUND (ABORTING MOD): <script type="text/javascript" src="catalog/view/javascript/common.js"></script>

----------------------------------------------------------------------


---------- Date: 2014-02-08 13:06:13 ~ IP : 127.0.0.1 ----------
REQUEST URI : /
MOD DETAILS:
   modFile   : Z:\home\dev2.cellside.loc\www\vqmod/xml/vba image zoom.xml
   id        : VbA Image Zoom Mod
   version   : 1.0
   vqmver    : 2.1.5
   author    : VbA - http://TheHoster.net

File Name    : catalog/view/theme/*/template/common/header.tpl(0)
VQModObject::applyMod - SEARCH NOT FOUND (ABORTING MOD): <script type="text/javascript" src="catalog/view/javascript/common.js"></script>

----------------------------------------------------------------------


---------- Date: 2014-02-08 13:15:29 ~ IP : 127.0.0.1 ----------
REQUEST URI : /
MOD DETAILS:
   modFile   : Z:\home\dev2.cellside.loc\www\vqmod/xml/vba image zoom.xml
   id        : VbA Image Zoom Mod
   version   : 1.0
   vqmver    : 2.1.5
   author    : VbA - http://TheHoster.net

File Name    : catalog/view/theme/*/template/common/header.tpl(0)
VQModObject::applyMod - SEARCH NOT FOUND (ABORTING MOD): <script type="text/javascript" src="catalog/view/javascript/common.js"></script>

----------------------------------------------------------------------


---------- Date: 2014-02-08 13:17:51 ~ IP : 127.0.0.1 ----------
REQUEST URI : /
MOD DETAILS:
   modFile   : Z:\home\dev2.cellside.loc\www\vqmod/xml/vba image zoom.xml
   id        : VbA Image Zoom Mod
   version   : 1.0
   vqmver    : 2.1.5
   author    : VbA - http://TheHoster.net

File Name    : catalog/view/theme/*/template/common/header.tpl(0)
VQModObject::applyMod - SEARCH NOT FOUND (ABORTING MOD): <script type="text/javascript" src="catalog/view/javascript/common.js"></script>

----------------------------------------------------------------------


---------- Date: 2014-02-08 13:27:45 ~ IP : 127.0.0.1 ----------
REQUEST URI : /
MOD DETAILS:
   modFile   : Z:\home\dev2.cellside.loc\www\vqmod/xml/vba image zoom.xml
   id        : VbA Image Zoom Mod
   version   : 1.0
   vqmver    : 2.1.5
   author    : VbA - http://TheHoster.net

File Name    : catalog/view/theme/*/template/common/header.tpl(0)
VQModObject::applyMod - SEARCH NOT FOUND (ABORTING MOD): <script type="text/javascript" src="catalog/view/javascript/common.js"></script>

----------------------------------------------------------------------


---------- Date: 2014-02-08 13:35:59 ~ IP : 127.0.0.1 ----------
REQUEST URI : /
MOD DETAILS:
   modFile   : Z:\home\dev2.cellside.loc\www\vqmod/xml/vba image zoom.xml
   id        : VbA Image Zoom Mod
   version   : 1.0
   vqmver    : 2.1.5
   author    : VbA - http://TheHoster.net

File Name    : catalog/view/theme/*/template/common/header.tpl(0)
VQModObject::applyMod - SEARCH NOT FOUND (ABORTING MOD): <script type="text/javascript" src="catalog/view/javascript/common.js"></script>

----------------------------------------------------------------------


---------- Date: 2014-02-08 14:03:30 ~ IP : 127.0.0.1 ----------
REQUEST URI : /index.php?route=common/home
MOD DETAILS:
   modFile   : Z:\home\dev2.cellside.loc\www\vqmod/xml/vba image zoom.xml
   id        : VbA Image Zoom Mod
   version   : 1.0
   vqmver    : 2.1.5
   author    : VbA - http://TheHoster.net

File Name    : catalog/view/theme/*/template/common/header.tpl(0)
VQModObject::applyMod - SEARCH NOT FOUND (ABORTING MOD): <script type="text/javascript" src="catalog/view/javascript/common.js"></script>

----------------------------------------------------------------------


---------- Date: 2014-02-08 14:17:14 ~ IP : 127.0.0.1 ----------
REQUEST URI : /index.php?route=common/home
MOD DETAILS:
   modFile   : Z:\home\dev2.cellside.loc\www\vqmod/xml/vba image zoom.xml
   id        : VbA Image Zoom Mod
   version   : 1.0
   vqmver    : 2.1.5
   author    : VbA - http://TheHoster.net

File Name    : catalog/view/theme/*/template/common/header.tpl(0)
VQModObject::applyMod - SEARCH NOT FOUND (ABORTING MOD): <script type="text/javascript" src="catalog/view/javascript/common.js"></script>

----------------------------------------------------------------------


---------- Date: 2014-02-08 14:22:32 ~ IP : 127.0.0.1 ----------
REQUEST URI : /index.php?route=product/search&amp;search=dd
MOD DETAILS:
   modFile   : Z:\home\dev2.cellside.loc\www\vqmod/xml/vba image zoom.xml
   id        : VbA Image Zoom Mod
   version   : 1.0
   vqmver    : 2.1.5
   author    : VbA - http://TheHoster.net

File Name    : catalog/view/theme/*/template/common/header.tpl(0)
VQModObject::applyMod - SEARCH NOT FOUND (ABORTING MOD): <script type="text/javascript" src="catalog/view/javascript/common.js"></script>

----------------------------------------------------------------------


---------- Date: 2014-02-08 14:23:08 ~ IP : 127.0.0.1 ----------
REQUEST URI : /index.php?route=product/search&amp;search=ddl
MOD DETAILS:
   modFile   : Z:\home\dev2.cellside.loc\www\vqmod/xml/vba image zoom.xml
   id        : VbA Image Zoom Mod
   version   : 1.0
   vqmver    : 2.1.5
   author    : VbA - http://TheHoster.net

File Name    : catalog/view/theme/*/template/common/header.tpl(0)
VQModObject::applyMod - SEARCH NOT FOUND (ABORTING MOD): <script type="text/javascript" src="catalog/view/javascript/common.js"></script>

----------------------------------------------------------------------


---------- Date: 2014-02-08 14:24:26 ~ IP : 127.0.0.1 ----------
REQUEST URI : /index.php?route=product/search&amp;search=ddlg
MOD DETAILS:
   modFile   : Z:\home\dev2.cellside.loc\www\vqmod/xml/vba image zoom.xml
   id        : VbA Image Zoom Mod
   version   : 1.0
   vqmver    : 2.1.5
   author    : VbA - http://TheHoster.net

File Name    : catalog/view/theme/*/template/common/header.tpl(0)
VQModObject::applyMod - SEARCH NOT FOUND (ABORTING MOD): <script type="text/javascript" src="catalog/view/javascript/common.js"></script>

----------------------------------------------------------------------


---------- Date: 2014-02-08 14:26:46 ~ IP : 127.0.0.1 ----------
REQUEST URI : /index.php?route=product/search&amp;search=ddlg
MOD DETAILS:
   modFile   : Z:\home\dev2.cellside.loc\www\vqmod/xml/vqmm_pav_blogs_menu_shortcut.xml
   id        : VQMod Pavo Blogs Shortcut
   version   : 1.0.0
   vqmver    : 2.3.0
   author    : pavothemes.com

File Name    : catalog/language/*/common/header.php(0)
VQModObject::applyMod - SEARCH NOT FOUND (ABORTING MOD): $_['text_home']           = 'Home';

----------------------------------------------------------------------


---------- Date: 2014-02-08 14:27:08 ~ IP : 127.0.0.1 ----------
REQUEST URI : /index.php?route=common/home
MOD DETAILS:
   modFile   : Z:\home\dev2.cellside.loc\www\vqmod/xml/vqmm_pav_blogs_menu_shortcut.xml
   id        : VQMod Pavo Blogs Shortcut
   version   : 1.0.0
   vqmver    : 2.3.0
   author    : pavothemes.com

File Name    : catalog/language/*/common/header.php(0)
VQModObject::applyMod - SEARCH NOT FOUND (ABORTING MOD): $_['text_home']           = 'Home';

----------------------------------------------------------------------


---------- Date: 2014-02-08 14:27:28 ~ IP : 127.0.0.1 ----------
REQUEST URI : /index.php?route=module/language
MOD DETAILS:
   modFile   : Z:\home\dev2.cellside.loc\www\vqmod/xml/vqmm_pav_blogs_menu_shortcut.xml
   id        : VQMod Pavo Blogs Shortcut
   version   : 1.0.0
   vqmver    : 2.3.0
   author    : pavothemes.com

File Name    : catalog/language/*/common/header.php(0)
VQModObject::applyMod - SEARCH NOT FOUND (ABORTING MOD): $_['text_home']           = 'Home';

----------------------------------------------------------------------


---------- Date: 2014-02-08 15:25:53 ~ IP : 127.0.0.1 ----------
REQUEST URI : /index.php?route=common/home
MOD DETAILS:
   modFile   : Z:\home\dev2.cellside.loc\www\vqmod/xml/vba image zoom.xml
   id        : VbA Image Zoom Mod
   version   : 1.0
   vqmver    : 2.1.5
   author    : VbA - http://TheHoster.net

File Name    : catalog/view/theme/*/template/common/header.tpl(0)
VQModObject::applyMod - SEARCH NOT FOUND (ABORTING MOD): <script type="text/javascript" src="catalog/view/javascript/common.js"></script>

----------------------------------------------------------------------


---------- Date: 2014-02-08 15:26:32 ~ IP : 127.0.0.1 ----------
REQUEST URI : /index.php?route=common/home
MOD DETAILS:
   modFile   : Z:\home\dev2.cellside.loc\www\vqmod/xml/vba image zoom.xml
   id        : VbA Image Zoom Mod
   version   : 1.0
   vqmver    : 2.1.5
   author    : VbA - http://TheHoster.net

File Name    : catalog/view/theme/*/template/common/header.tpl(0)
VQModObject::applyMod - SEARCH NOT FOUND (ABORTING MOD): <script type="text/javascript" src="catalog/view/javascript/common.js"></script>

----------------------------------------------------------------------


---------- Date: 2014-02-08 15:27:17 ~ IP : 127.0.0.1 ----------
REQUEST URI : /index.php?route=common/home
MOD DETAILS:
   modFile   : Z:\home\dev2.cellside.loc\www\vqmod/xml/vba image zoom.xml
   id        : VbA Image Zoom Mod
   version   : 1.0
   vqmver    : 2.1.5
   author    : VbA - http://TheHoster.net

File Name    : catalog/view/theme/*/template/common/header.tpl(0)
VQModObject::applyMod - SEARCH NOT FOUND (ABORTING MOD): <script type="text/javascript" src="catalog/view/javascript/common.js"></script>

----------------------------------------------------------------------


---------- Date: 2014-02-08 15:28:34 ~ IP : 127.0.0.1 ----------
REQUEST URI : /index.php?route=common/home
MOD DETAILS:
   modFile   : Z:\home\dev2.cellside.loc\www\vqmod/xml/vba image zoom.xml
   id        : VbA Image Zoom Mod
   version   : 1.0
   vqmver    : 2.1.5
   author    : VbA - http://TheHoster.net

File Name    : catalog/view/theme/*/template/common/header.tpl(0)
VQModObject::applyMod - SEARCH NOT FOUND (ABORTING MOD): <script type="text/javascript" src="catalog/view/javascript/common.js"></script>

----------------------------------------------------------------------


---------- Date: 2014-02-08 15:29:23 ~ IP : 127.0.0.1 ----------
REQUEST URI : /admin/
MOD DETAILS:
   modFile   : Z:\home\dev2.cellside.loc\www\vqmod/xml/vqmod_richsnippets_product.xml
   id        : Add Product GR Rich Snippets to opencart
   version   : 1.4
   vqmver    : 2.1.7
   author    : TransPacific Software

File Name    : admin/language/english/english.php(0)
VQModObject::applyMod - SEARCH NOT FOUND (ABORTING MOD): $_['tab_design']              = 'Design';
----------------------------------------------------------------------


---------- Date: 2014-02-08 15:29:27 ~ IP : 127.0.0.1 ----------
REQUEST URI : /admin/index.php?route=common/login
MOD DETAILS:
   modFile   : Z:\home\dev2.cellside.loc\www\vqmod/xml/vqmod_richsnippets_product.xml
   id        : Add Product GR Rich Snippets to opencart
   version   : 1.4
   vqmver    : 2.1.7
   author    : TransPacific Software

File Name    : admin/language/english/english.php(0)
VQModObject::applyMod - SEARCH NOT FOUND (ABORTING MOD): $_['tab_design']              = 'Design';
----------------------------------------------------------------------


---------- Date: 2014-02-08 15:29:30 ~ IP : 127.0.0.1 ----------
REQUEST URI : /admin/index.php?route=common/home&amp;token=424ccb2e7956d40733bf2a10075fd6a7
MOD DETAILS:
   modFile   : Z:\home\dev2.cellside.loc\www\vqmod/xml/vqmod_richsnippets_product.xml
   id        : Add Product GR Rich Snippets to opencart
   version   : 1.4
   vqmver    : 2.1.7
   author    : TransPacific Software

File Name    : admin/language/english/english.php(0)
VQModObject::applyMod - SEARCH NOT FOUND (ABORTING MOD): $_['tab_design']              = 'Design';
----------------------------------------------------------------------


---------- Date: 2014-02-08 15:29:31 ~ IP : 127.0.0.1 ----------
REQUEST URI : /admin/index.php?route=common/home/chart&amp;token=424ccb2e7956d40733bf2a10075fd6a7&amp;range=day
MOD DETAILS:
   modFile   : Z:\home\dev2.cellside.loc\www\vqmod/xml/vqmod_richsnippets_product.xml
   id        : Add Product GR Rich Snippets to opencart
   version   : 1.4
   vqmver    : 2.1.7
   author    : TransPacific Software

File Name    : admin/language/english/english.php(0)
VQModObject::applyMod - SEARCH NOT FOUND (ABORTING MOD): $_['tab_design']              = 'Design';
----------------------------------------------------------------------


---------- Date: 2014-02-08 15:29:37 ~ IP : 127.0.0.1 ----------
REQUEST URI : /admin/index.php?route=setting/store&amp;token=424ccb2e7956d40733bf2a10075fd6a7
MOD DETAILS:
   modFile   : Z:\home\dev2.cellside.loc\www\vqmod/xml/vqmod_richsnippets_product.xml
   id        : Add Product GR Rich Snippets to opencart
   version   : 1.4
   vqmver    : 2.1.7
   author    : TransPacific Software

File Name    : admin/language/english/english.php(0)
VQModObject::applyMod - SEARCH NOT FOUND (ABORTING MOD): $_['tab_design']              = 'Design';
----------------------------------------------------------------------


---------- Date: 2014-02-08 15:29:42 ~ IP : 127.0.0.1 ----------
REQUEST URI : /admin/index.php?route=setting/setting&amp;token=424ccb2e7956d40733bf2a10075fd6a7
MOD DETAILS:
   modFile   : Z:\home\dev2.cellside.loc\www\vqmod/xml/vqmod_richsnippets_product.xml
   id        : Add Product GR Rich Snippets to opencart
   version   : 1.4
   vqmver    : 2.1.7
   author    : TransPacific Software

File Name    : admin/language/english/english.php(0)
VQModObject::applyMod - SEARCH NOT FOUND (ABORTING MOD): $_['tab_design']              = 'Design';
----------------------------------------------------------------------


---------- Date: 2014-02-08 15:29:44 ~ IP : 127.0.0.1 ----------
REQUEST URI : /admin/index.php?route=setting/setting/template&amp;token=424ccb2e7956d40733bf2a10075fd6a7&amp;template=lexus_happycook_v2
MOD DETAILS:
   modFile   : Z:\home\dev2.cellside.loc\www\vqmod/xml/vqmod_richsnippets_product.xml
   id        : Add Product GR Rich Snippets to opencart
   version   : 1.4
   vqmver    : 2.1.7
   author    : TransPacific Software

File Name    : admin/language/english/english.php(0)
VQModObject::applyMod - SEARCH NOT FOUND (ABORTING MOD): $_['tab_design']              = 'Design';
----------------------------------------------------------------------


---------- Date: 2014-02-08 15:29:44 ~ IP : 127.0.0.1 ----------
REQUEST URI : /admin/index.php?route=setting/setting/country&amp;token=424ccb2e7956d40733bf2a10075fd6a7&amp;country_id=38
MOD DETAILS:
   modFile   : Z:\home\dev2.cellside.loc\www\vqmod/xml/vqmod_richsnippets_product.xml
   id        : Add Product GR Rich Snippets to opencart
   version   : 1.4
   vqmver    : 2.1.7
   author    : TransPacific Software

File Name    : admin/language/english/english.php(0)
VQModObject::applyMod - SEARCH NOT FOUND (ABORTING MOD): $_['tab_design']              = 'Design';
----------------------------------------------------------------------


---------- Date: 2014-02-08 15:31:00 ~ IP : 127.0.0.1 ----------
REQUEST URI : /admin/index.php?route=design/layout&amp;token=424ccb2e7956d40733bf2a10075fd6a7
MOD DETAILS:
   modFile   : Z:\home\dev2.cellside.loc\www\vqmod/xml/vqmod_richsnippets_product.xml
   id        : Add Product GR Rich Snippets to opencart
   version   : 1.4
   vqmver    : 2.1.7
   author    : TransPacific Software

File Name    : admin/language/english/english.php(0)
VQModObject::applyMod - SEARCH NOT FOUND (ABORTING MOD): $_['tab_design']              = 'Design';
----------------------------------------------------------------------


---------- Date: 2014-02-08 15:31:08 ~ IP : 127.0.0.1 ----------
REQUEST URI : /admin/index.php?route=design/layout/update&amp;token=424ccb2e7956d40733bf2a10075fd6a7&amp;layout_id=1
MOD DETAILS:
   modFile   : Z:\home\dev2.cellside.loc\www\vqmod/xml/vqmod_richsnippets_product.xml
   id        : Add Product GR Rich Snippets to opencart
   version   : 1.4
   vqmver    : 2.1.7
   author    : TransPacific Software

File Name    : admin/language/english/english.php(0)
VQModObject::applyMod - SEARCH NOT FOUND (ABORTING MOD): $_['tab_design']              = 'Design';
----------------------------------------------------------------------


---------- Date: 2014-02-08 15:31:29 ~ IP : 127.0.0.1 ----------
REQUEST URI : /admin/index.php?route=common/home&amp;token=424ccb2e7956d40733bf2a10075fd6a7
MOD DETAILS:
   modFile   : Z:\home\dev2.cellside.loc\www\vqmod/xml/vqmod_richsnippets_product.xml
   id        : Add Product GR Rich Snippets to opencart
   version   : 1.4
   vqmver    : 2.1.7
   author    : TransPacific Software

File Name    : admin/language/english/english.php(0)
VQModObject::applyMod - SEARCH NOT FOUND (ABORTING MOD): $_['tab_design']              = 'Design';
----------------------------------------------------------------------


---------- Date: 2014-02-08 15:31:31 ~ IP : 127.0.0.1 ----------
REQUEST URI : /admin/index.php?route=common/home/chart&amp;token=424ccb2e7956d40733bf2a10075fd6a7&amp;range=day
MOD DETAILS:
   modFile   : Z:\home\dev2.cellside.loc\www\vqmod/xml/vqmod_richsnippets_product.xml
   id        : Add Product GR Rich Snippets to opencart
   version   : 1.4
   vqmver    : 2.1.7
   author    : TransPacific Software

File Name    : admin/language/english/english.php(0)
VQModObject::applyMod - SEARCH NOT FOUND (ABORTING MOD): $_['tab_design']              = 'Design';
----------------------------------------------------------------------


